[ 2016-11-23T10:29:01+08:00 ] 127.0.0.1 /newStart/admin.php?c=login&a=check
INFO: [ app_begin ] --START--
INFO: Run Behavior\ReadHtmlCacheBehavior [ RunTime:0.000257s ]
INFO: [ app_begin ] --END-- [ RunTime:0.000446s ]
NOTIC: [2048] Declaration of Common\Model\LoginModel::find() should be compatible with Think\Model::find($options = Array) /Users/guoyuxin/Sites/newStart/Application/Common/Model/LoginModel.class.php 第 5 行.
SQL: SHOW COLUMNS FROM `sb_admin` [ RunTime:0.0007s ]
SQL: SELECT * FROM `sb_admin` WHERE ( adminName="gyx" ) LIMIT 1   [ RunTime:0.0131s ]
NOTIC: [2] Missing argument 3 for show(), called in /Users/guoyuxin/Sites/newStart/Application/Admin/Controller/LoginController.class.php on line 28 and defined /Users/guoyuxin/Sites/newStart/Application/Common/Common/function.php 第 2 行.
NOTIC: [8] Undefined variable: data /Users/guoyuxin/Sites/newStart/Application/Common/Common/function.php 第 6 行.

[ 2016-11-23T10:41:50+08:00 ] 127.0.0.1 /newStart/admin.php?c=news&a=add
INFO: [ app_begin ] --START--
INFO: Run Behavior\ReadHtmlCacheBehavior [ RunTime:0.000294s ]
INFO: [ app_begin ] --END-- [ RunTime:0.000484s ]
NOTIC: [2048] Declaration of Common\Model\MenuModel::select() should be compatible with Think\Model::select($options = Array) /Users/guoyuxin/Sites/newStart/Application/Common/Model/MenuModel.class.php 第 5 行.
SQL: SHOW COLUMNS FROM `sb_menu` [ RunTime:0.0005s ]
SQL: SELECT * FROM `sb_menu` WHERE `status` <> -1 AND `level` >= '1'  [ RunTime:0.0003s ]
NOTIC: [8] Undefined offset: 1 /Users/guoyuxin/Sites/newStart/Application/Admin/Controller/NewsController.class.php 第 19 行.
NOTIC: [2048] Declaration of Common\Model\NewsCatModel::select() should be compatible with Think\Model::select($options = Array) /Users/guoyuxin/Sites/newStart/Application/Common/Model/NewsCatModel.class.php 第 23 行.
NOTIC: [2048] Declaration of Common\Model\NewsCatModel::find() should be compatible with Think\Model::find($options = Array) /Users/guoyuxin/Sites/newStart/Application/Common/Model/NewsCatModel.class.php 第 23 行.
SQL: SHOW COLUMNS FROM `sb_news_cat` [ RunTime:0.0005s ]
SQL: SELECT * FROM `sb_news_cat`  [ RunTime:0.0002s ]
NOTIC: [2048] Declaration of Common\Model\NewsModel::select() should be compatible with Think\Model::select($options = Array) /Users/guoyuxin/Sites/newStart/Application/Common/Model/NewsModel.class.php 第 31 行.
SQL: SHOW COLUMNS FROM `sb_news` [ RunTime:0.0005s ]
SQL: INSERT INTO `sb_news` (`newsname`,`catid`,`newsauthor`,`description`,`thumb`,`create_time`,`admineditor`) VALUES ('第一篇置顶文章','4','gyx','这里是第一篇置顶文章，用于测试','./upload/2016/11/23/583501d8e6fe3.jpg','1479868910','gyx') [ RunTime:0.0291s ]
NOTIC: [2048] Declaration of Common\Model\NewsContentModel::select() should be compatible with Think\Model::select($options = Array) /Users/guoyuxin/Sites/newStart/Application/Common/Model/NewsContentModel.class.php 第 27 行.
SQL: SHOW COLUMNS FROM `sb_news_content` [ RunTime:0.0011s ]
SQL: INSERT INTO `sb_news_content` (`content`,`news_id`,`create_time`) VALUES ('&lt;p&gt;这是mina&lt;/p&gt;&lt;p&gt;&lt;img src=&quot;/newStart/upload/image/20161123/1479868907193942.jpg&quot; title=&quot;1479868907193942.jpg&quot; alt=&quot;TWICE7.jpg&quot;/&gt;&lt;/p&gt;','5','1479868910') [ RunTime:0.0270s ]

[ 2016-11-23T10:56:05+08:00 ] 127.0.0.1 /newStart/admin.php?c=menu&a=add
INFO: [ app_begin ] --START--
INFO: Run Behavior\ReadHtmlCacheBehavior [ RunTime:0.000680s ]
INFO: [ app_begin ] --END-- [ RunTime:0.000931s ]
NOTIC: [2048] Declaration of Common\Model\MenuModel::select() should be compatible with Think\Model::select($options = Array) /Users/guoyuxin/Sites/newStart/Application/Common/Model/MenuModel.class.php 第 5 行.
SQL: SHOW COLUMNS FROM `sb_menu` [ RunTime:0.0005s ]
SQL: SELECT * FROM `sb_menu` WHERE `status` <> -1 AND `level` >= '1'  [ RunTime:0.0003s ]
SQL: INSERT INTO `sb_menu` (`name`,`m`,`c`,`a`,`level`,`create_time`) VALUES ('首页文章','admin','toparticle','index','2','1479869764') [ RunTime:0.0280s ]
NOTIC: [2] Missing argument 3 for show(), called in /Users/guoyuxin/Sites/newStart/Application/Admin/Controller/MenuController.class.php on line 42 and defined /Users/guoyuxin/Sites/newStart/Application/Common/Common/function.php 第 2 行.
NOTIC: [8] Undefined variable: data /Users/guoyuxin/Sites/newStart/Application/Common/Common/function.php 第 6 行.

[ 2016-11-23T10:56:08+08:00 ] 127.0.0.1 /newStart/admin.php?c=toparticle
ERR: 无法加载控制器:Toparticle

[ 2016-11-23T11:07:07+08:00 ] 127.0.0.1 /newStart/admin.php?c=toparticle
ERR: 无法加载控制器:Toparticle

[ 2016-11-23T12:18:53+08:00 ] 127.0.0.1 /newStart/admin.php?c=menu&a=edit&id=5
ERR: 非法操作:edit

[ 2016-11-23T12:29:52+08:00 ] 127.0.0.1 /newStart/admin.php?c=menu&a=add
INFO: [ app_begin ] --START--
INFO: Run Behavior\ReadHtmlCacheBehavior [ RunTime:0.000259s ]
INFO: [ app_begin ] --END-- [ RunTime:0.000450s ]
NOTIC: [2048] Declaration of Common\Model\MenuModel::select() should be compatible with Think\Model::select($options = Array) /Users/guoyuxin/Sites/newStart/Application/Common/Model/MenuModel.class.php 第 5 行.
NOTIC: [2048] Declaration of Common\Model\MenuModel::find() should be compatible with Think\Model::find($options = Array) /Users/guoyuxin/Sites/newStart/Application/Common/Model/MenuModel.class.php 第 5 行.
SQL: SHOW COLUMNS FROM `sb_menu` [ RunTime:0.0005s ]
SQL: SELECT * FROM `sb_menu` WHERE `status` <> -1 AND `level` >= '1'  [ RunTime:0.0003s ]
NOTIC: [8] Undefined index: id /Users/guoyuxin/Sites/newStart/Application/Admin/Controller/MenuController.class.php 第 28 行.

[ 2016-11-23T12:29:53+08:00 ] 127.0.0.1 /newStart/admin.php?c=menu&a=add
INFO: [ app_begin ] --START--
INFO: Run Behavior\ReadHtmlCacheBehavior [ RunTime:0.000347s ]
INFO: [ app_begin ] --END-- [ RunTime:0.000774s ]
NOTIC: [2048] Declaration of Common\Model\MenuModel::select() should be compatible with Think\Model::select($options = Array) /Users/guoyuxin/Sites/newStart/Application/Common/Model/MenuModel.class.php 第 5 行.
NOTIC: [2048] Declaration of Common\Model\MenuModel::find() should be compatible with Think\Model::find($options = Array) /Users/guoyuxin/Sites/newStart/Application/Common/Model/MenuModel.class.php 第 5 行.
SQL: SHOW COLUMNS FROM `sb_menu` [ RunTime:0.0005s ]
SQL: SELECT * FROM `sb_menu` WHERE `status` <> -1 AND `level` >= '1'  [ RunTime:0.0004s ]
NOTIC: [8] Undefined index: id /Users/guoyuxin/Sites/newStart/Application/Admin/Controller/MenuController.class.php 第 28 行.

[ 2016-11-23T12:30:16+08:00 ] 127.0.0.1 /newStart/admin.php?c=menu&a=add
INFO: [ app_begin ] --START--
INFO: Run Behavior\ReadHtmlCacheBehavior [ RunTime:0.000810s ]
INFO: [ app_begin ] --END-- [ RunTime:0.018434s ]
NOTIC: [2048] Declaration of Common\Model\MenuModel::select() should be compatible with Think\Model::select($options = Array) /Users/guoyuxin/Sites/newStart/Application/Common/Model/MenuModel.class.php 第 5 行.
NOTIC: [2048] Declaration of Common\Model\MenuModel::find() should be compatible with Think\Model::find($options = Array) /Users/guoyuxin/Sites/newStart/Application/Common/Model/MenuModel.class.php 第 5 行.
SQL: SHOW COLUMNS FROM `sb_menu` [ RunTime:0.0006s ]
SQL: SELECT * FROM `sb_menu` WHERE `status` <> -1 AND `level` >= '1'  [ RunTime:0.0004s ]
NOTIC: [8] Undefined index: id /Users/guoyuxin/Sites/newStart/Application/Admin/Controller/MenuController.class.php 第 28 行.

[ 2016-11-23T12:32:03+08:00 ] 127.0.0.1 /newStart/admin.php?c=menu&a=add
INFO: [ app_begin ] --START--
INFO: Run Behavior\ReadHtmlCacheBehavior [ RunTime:0.000419s ]
INFO: [ app_begin ] --END-- [ RunTime:0.000766s ]
NOTIC: [2048] Declaration of Common\Model\MenuModel::select() should be compatible with Think\Model::select($options = Array) /Users/guoyuxin/Sites/newStart/Application/Common/Model/MenuModel.class.php 第 5 行.
NOTIC: [2048] Declaration of Common\Model\MenuModel::find() should be compatible with Think\Model::find($options = Array) /Users/guoyuxin/Sites/newStart/Application/Common/Model/MenuModel.class.php 第 5 行.
SQL: SHOW COLUMNS FROM `sb_menu` [ RunTime:0.0012s ]
SQL: SELECT * FROM `sb_menu` WHERE `status` <> -1 AND `level` >= '1'  [ RunTime:0.0010s ]
NOTIC: [8] Undefined index: id /Users/guoyuxin/Sites/newStart/Application/Admin/Controller/MenuController.class.php 第 28 行.

[ 2016-11-23T12:32:27+08:00 ] 127.0.0.1 /newStart/admin.php?c=menu&a=add
INFO: [ app_begin ] --START--
INFO: Run Behavior\ReadHtmlCacheBehavior [ RunTime:0.000516s ]
INFO: [ app_begin ] --END-- [ RunTime:0.000908s ]
NOTIC: [2048] Declaration of Common\Model\MenuModel::select() should be compatible with Think\Model::select($options = Array) /Users/guoyuxin/Sites/newStart/Application/Common/Model/MenuModel.class.php 第 5 行.
NOTIC: [2048] Declaration of Common\Model\MenuModel::find() should be compatible with Think\Model::find($options = Array) /Users/guoyuxin/Sites/newStart/Application/Common/Model/MenuModel.class.php 第 5 行.
SQL: SHOW COLUMNS FROM `sb_menu` [ RunTime:0.0008s ]
SQL: SELECT * FROM `sb_menu` WHERE `status` <> -1 AND `level` >= '1'  [ RunTime:0.0004s ]
NOTIC: [8] Undefined index: id /Users/guoyuxin/Sites/newStart/Application/Admin/Controller/MenuController.class.php 第 28 行.

[ 2016-11-23T12:32:36+08:00 ] 127.0.0.1 /newStart/admin.php?c=menu&a=add
INFO: [ app_begin ] --START--
INFO: Run Behavior\ReadHtmlCacheBehavior [ RunTime:0.000300s ]
INFO: [ app_begin ] --END-- [ RunTime:0.000539s ]
NOTIC: [2048] Declaration of Common\Model\MenuModel::select() should be compatible with Think\Model::select($options = Array) /Users/guoyuxin/Sites/newStart/Application/Common/Model/MenuModel.class.php 第 5 行.
NOTIC: [2048] Declaration of Common\Model\MenuModel::find() should be compatible with Think\Model::find($options = Array) /Users/guoyuxin/Sites/newStart/Application/Common/Model/MenuModel.class.php 第 5 行.
SQL: SHOW COLUMNS FROM `sb_menu` [ RunTime:0.0007s ]
SQL: SELECT * FROM `sb_menu` WHERE `status` <> -1 AND `level` >= '1'  [ RunTime:0.0005s ]
NOTIC: [8] Undefined index: id /Users/guoyuxin/Sites/newStart/Application/Admin/Controller/MenuController.class.php 第 28 行.

[ 2016-11-23T12:32:41+08:00 ] 127.0.0.1 /newStart/admin.php?c=menu&a=add
INFO: [ app_begin ] --START--
INFO: Run Behavior\ReadHtmlCacheBehavior [ RunTime:0.000470s ]
INFO: [ app_begin ] --END-- [ RunTime:0.000875s ]
NOTIC: [2048] Declaration of Common\Model\MenuModel::select() should be compatible with Think\Model::select($options = Array) /Users/guoyuxin/Sites/newStart/Application/Common/Model/MenuModel.class.php 第 5 行.
NOTIC: [2048] Declaration of Common\Model\MenuModel::find() should be compatible with Think\Model::find($options = Array) /Users/guoyuxin/Sites/newStart/Application/Common/Model/MenuModel.class.php 第 5 行.
SQL: SHOW COLUMNS FROM `sb_menu` [ RunTime:0.0007s ]
SQL: SELECT * FROM `sb_menu` WHERE `status` <> -1 AND `level` >= '1'  [ RunTime:0.0005s ]
NOTIC: [8] Undefined index: id /Users/guoyuxin/Sites/newStart/Application/Admin/Controller/MenuController.class.php 第 28 行.

[ 2016-11-23T12:32:41+08:00 ] 127.0.0.1 /newStart/admin.php?c=menu&a=add
INFO: [ app_begin ] --START--
INFO: Run Behavior\ReadHtmlCacheBehavior [ RunTime:0.000284s ]
INFO: [ app_begin ] --END-- [ RunTime:0.000493s ]
NOTIC: [2048] Declaration of Common\Model\MenuModel::select() should be compatible with Think\Model::select($options = Array) /Users/guoyuxin/Sites/newStart/Application/Common/Model/MenuModel.class.php 第 5 行.
NOTIC: [2048] Declaration of Common\Model\MenuModel::find() should be compatible with Think\Model::find($options = Array) /Users/guoyuxin/Sites/newStart/Application/Common/Model/MenuModel.class.php 第 5 行.
SQL: SHOW COLUMNS FROM `sb_menu` [ RunTime:0.0008s ]
SQL: SELECT * FROM `sb_menu` WHERE `status` <> -1 AND `level` >= '1'  [ RunTime:0.0003s ]
NOTIC: [8] Undefined index: id /Users/guoyuxin/Sites/newStart/Application/Admin/Controller/MenuController.class.php 第 28 行.

[ 2016-11-23T12:32:42+08:00 ] 127.0.0.1 /newStart/admin.php?c=menu&a=add
INFO: [ app_begin ] --START--
INFO: Run Behavior\ReadHtmlCacheBehavior [ RunTime:0.000269s ]
INFO: [ app_begin ] --END-- [ RunTime:0.000464s ]
NOTIC: [2048] Declaration of Common\Model\MenuModel::select() should be compatible with Think\Model::select($options = Array) /Users/guoyuxin/Sites/newStart/Application/Common/Model/MenuModel.class.php 第 5 行.
NOTIC: [2048] Declaration of Common\Model\MenuModel::find() should be compatible with Think\Model::find($options = Array) /Users/guoyuxin/Sites/newStart/Application/Common/Model/MenuModel.class.php 第 5 行.
SQL: SHOW COLUMNS FROM `sb_menu` [ RunTime:0.0006s ]
SQL: SELECT * FROM `sb_menu` WHERE `status` <> -1 AND `level` >= '1'  [ RunTime:0.0004s ]
NOTIC: [8] Undefined index: id /Users/guoyuxin/Sites/newStart/Application/Admin/Controller/MenuController.class.php 第 28 行.

[ 2016-11-23T12:32:42+08:00 ] 127.0.0.1 /newStart/admin.php?c=menu&a=add
INFO: [ app_begin ] --START--
INFO: Run Behavior\ReadHtmlCacheBehavior [ RunTime:0.000293s ]
INFO: [ app_begin ] --END-- [ RunTime:0.000637s ]
NOTIC: [2048] Declaration of Common\Model\MenuModel::select() should be compatible with Think\Model::select($options = Array) /Users/guoyuxin/Sites/newStart/Application/Common/Model/MenuModel.class.php 第 5 行.
NOTIC: [2048] Declaration of Common\Model\MenuModel::find() should be compatible with Think\Model::find($options = Array) /Users/guoyuxin/Sites/newStart/Application/Common/Model/MenuModel.class.php 第 5 行.
SQL: SHOW COLUMNS FROM `sb_menu` [ RunTime:0.0007s ]
SQL: SELECT * FROM `sb_menu` WHERE `status` <> -1 AND `level` >= '1'  [ RunTime:0.0015s ]
NOTIC: [8] Undefined index: id /Users/guoyuxin/Sites/newStart/Application/Admin/Controller/MenuController.class.php 第 28 行.

[ 2016-11-23T12:32:44+08:00 ] 127.0.0.1 /newStart/admin.php?c=menu&a=add
INFO: [ app_begin ] --START--
INFO: Run Behavior\ReadHtmlCacheBehavior [ RunTime:0.000495s ]
INFO: [ app_begin ] --END-- [ RunTime:0.000920s ]
NOTIC: [2048] Declaration of Common\Model\MenuModel::select() should be compatible with Think\Model::select($options = Array) /Users/guoyuxin/Sites/newStart/Application/Common/Model/MenuModel.class.php 第 5 行.
NOTIC: [2048] Declaration of Common\Model\MenuModel::find() should be compatible with Think\Model::find($options = Array) /Users/guoyuxin/Sites/newStart/Application/Common/Model/MenuModel.class.php 第 5 行.
SQL: SHOW COLUMNS FROM `sb_menu` [ RunTime:0.0010s ]
SQL: SELECT * FROM `sb_menu` WHERE `status` <> -1 AND `level` >= '1'  [ RunTime:0.0004s ]
NOTIC: [8] Undefined index: id /Users/guoyuxin/Sites/newStart/Application/Admin/Controller/MenuController.class.php 第 28 行.

[ 2016-11-23T12:32:57+08:00 ] 127.0.0.1 /newStart/admin.php?c=menu&a=add
INFO: [ app_begin ] --START--
INFO: Run Behavior\ReadHtmlCacheBehavior [ RunTime:0.000495s ]
INFO: [ app_begin ] --END-- [ RunTime:0.000889s ]
NOTIC: [2048] Declaration of Common\Model\MenuModel::select() should be compatible with Think\Model::select($options = Array) /Users/guoyuxin/Sites/newStart/Application/Common/Model/MenuModel.class.php 第 5 行.
NOTIC: [2048] Declaration of Common\Model\MenuModel::find() should be compatible with Think\Model::find($options = Array) /Users/guoyuxin/Sites/newStart/Application/Common/Model/MenuModel.class.php 第 5 行.
SQL: SHOW COLUMNS FROM `sb_menu` [ RunTime:0.0007s ]
SQL: SELECT * FROM `sb_menu` WHERE `status` <> -1 AND `level` >= '1'  [ RunTime:0.0007s ]
NOTIC: [8] Undefined index: id /Users/guoyuxin/Sites/newStart/Application/Admin/Controller/MenuController.class.php 第 28 行.

[ 2016-11-23T12:33:32+08:00 ] 127.0.0.1 /newStart/admin.php?c=menu&a=add
INFO: [ app_begin ] --START--
INFO: Run Behavior\ReadHtmlCacheBehavior [ RunTime:0.000428s ]
INFO: [ app_begin ] --END-- [ RunTime:0.000700s ]
NOTIC: [2048] Declaration of Common\Model\MenuModel::select() should be compatible with Think\Model::select($options = Array) /Users/guoyuxin/Sites/newStart/Application/Common/Model/MenuModel.class.php 第 5 行.
NOTIC: [2048] Declaration of Common\Model\MenuModel::find() should be compatible with Think\Model::find($options = Array) /Users/guoyuxin/Sites/newStart/Application/Common/Model/MenuModel.class.php 第 5 行.
SQL: SHOW COLUMNS FROM `sb_menu` [ RunTime:0.0008s ]
SQL: SELECT * FROM `sb_menu` WHERE `status` <> -1 AND `level` >= '1'  [ RunTime:0.0005s ]
NOTIC: [8] Undefined index: id /Users/guoyuxin/Sites/newStart/Application/Admin/Controller/MenuController.class.php 第 28 行.

[ 2016-11-23T12:34:01+08:00 ] 127.0.0.1 /newStart/admin.php?c=menu&a=add
INFO: [ app_begin ] --START--
INFO: Run Behavior\ReadHtmlCacheBehavior [ RunTime:0.000521s ]
INFO: [ app_begin ] --END-- [ RunTime:0.000993s ]
NOTIC: [2048] Declaration of Common\Model\MenuModel::select() should be compatible with Think\Model::select($options = Array) /Users/guoyuxin/Sites/newStart/Application/Common/Model/MenuModel.class.php 第 5 行.
NOTIC: [2048] Declaration of Common\Model\MenuModel::find() should be compatible with Think\Model::find($options = Array) /Users/guoyuxin/Sites/newStart/Application/Common/Model/MenuModel.class.php 第 5 行.
SQL: SHOW COLUMNS FROM `sb_menu` [ RunTime:0.0008s ]
SQL: SELECT * FROM `sb_menu` WHERE `status` <> -1 AND `level` >= '1'  [ RunTime:0.0005s ]

[ 2016-11-23T12:44:51+08:00 ] 127.0.0.1 /newStart/admin.php?c=menu&a=add
INFO: [ app_begin ] --START--
INFO: Run Behavior\ReadHtmlCacheBehavior [ RunTime:0.001125s ]
INFO: [ app_begin ] --END-- [ RunTime:0.018855s ]
NOTIC: [2048] Declaration of Common\Model\MenuModel::select() should be compatible with Think\Model::select($options = Array) /Users/guoyuxin/Sites/newStart/Application/Common/Model/MenuModel.class.php 第 5 行.
NOTIC: [2048] Declaration of Common\Model\MenuModel::find() should be compatible with Think\Model::find($options = Array) /Users/guoyuxin/Sites/newStart/Application/Common/Model/MenuModel.class.php 第 5 行.
SQL: SHOW COLUMNS FROM `sb_menu` [ RunTime:0.0008s ]
SQL: SELECT * FROM `sb_menu` WHERE `status` <> -1 AND `level` >= '1'  [ RunTime:0.0005s ]
NOTIC: [8] Undefined index: id /Users/guoyuxin/Sites/newStart/Application/Admin/Controller/MenuController.class.php 第 66 行.
NOTIC: 建议使用E方法替代throw_exception

[ 2016-11-23T12:45:02+08:00 ] 127.0.0.1 /newStart/admin.php?c=menu&a=add
INFO: [ app_begin ] --START--
INFO: Run Behavior\ReadHtmlCacheBehavior [ RunTime:0.000741s ]
INFO: [ app_begin ] --END-- [ RunTime:0.018342s ]
NOTIC: [2048] Declaration of Common\Model\MenuModel::select() should be compatible with Think\Model::select($options = Array) /Users/guoyuxin/Sites/newStart/Application/Common/Model/MenuModel.class.php 第 5 行.
NOTIC: [2048] Declaration of Common\Model\MenuModel::find() should be compatible with Think\Model::find($options = Array) /Users/guoyuxin/Sites/newStart/Application/Common/Model/MenuModel.class.php 第 5 行.
SQL: SHOW COLUMNS FROM `sb_menu` [ RunTime:0.0009s ]
SQL: SELECT * FROM `sb_menu` WHERE `status` <> -1 AND `level` >= '1'  [ RunTime:0.0011s ]
NOTIC: [8] Undefined index: id /Users/guoyuxin/Sites/newStart/Application/Admin/Controller/MenuController.class.php 第 66 行.
NOTIC: 建议使用E方法替代throw_exception

[ 2016-11-23T12:45:20+08:00 ] 127.0.0.1 /newStart/admin.php?c=menu&a=add
INFO: [ app_begin ] --START--
INFO: Run Behavior\ReadHtmlCacheBehavior [ RunTime:0.001040s ]
INFO: [ app_begin ] --END-- [ RunTime:0.018844s ]
NOTIC: [2048] Declaration of Common\Model\MenuModel::select() should be compatible with Think\Model::select($options = Array) /Users/guoyuxin/Sites/newStart/Application/Common/Model/MenuModel.class.php 第 5 行.
NOTIC: [2048] Declaration of Common\Model\MenuModel::find() should be compatible with Think\Model::find($options = Array) /Users/guoyuxin/Sites/newStart/Application/Common/Model/MenuModel.class.php 第 5 行.
SQL: SHOW COLUMNS FROM `sb_menu` [ RunTime:0.0007s ]
SQL: SELECT * FROM `sb_menu` WHERE `status` <> -1 AND `level` >= '1'  [ RunTime:0.0004s ]
NOTIC: [2] Missing argument 3 for show(), called in /Users/guoyuxin/Sites/newStart/Application/Admin/Controller/MenuController.class.php on line 70 and defined /Users/guoyuxin/Sites/newStart/Application/Common/Common/function.php 第 2 行.
NOTIC: [8] Undefined variable: data /Users/guoyuxin/Sites/newStart/Application/Common/Common/function.php 第 6 行.

[ 2016-11-23T12:46:24+08:00 ] 127.0.0.1 /newStart/admin.php?c=menu&a=add
INFO: [ app_begin ] --START--
INFO: Run Behavior\ReadHtmlCacheBehavior [ RunTime:0.000751s ]
INFO: [ app_begin ] --END-- [ RunTime:0.018617s ]
NOTIC: [2048] Declaration of Common\Model\MenuModel::select() should be compatible with Think\Model::select($options = Array) /Users/guoyuxin/Sites/newStart/Application/Common/Model/MenuModel.class.php 第 5 行.
NOTIC: [2048] Declaration of Common\Model\MenuModel::find() should be compatible with Think\Model::find($options = Array) /Users/guoyuxin/Sites/newStart/Application/Common/Model/MenuModel.class.php 第 5 行.
SQL: SHOW COLUMNS FROM `sb_menu` [ RunTime:0.0006s ]
SQL: SELECT * FROM `sb_menu` WHERE `status` <> -1 AND `level` >= '1'  [ RunTime:0.0003s ]
NOTIC: [2] Missing argument 3 for show(), called in /Users/guoyuxin/Sites/newStart/Application/Admin/Controller/MenuController.class.php on line 69 and defined /Users/guoyuxin/Sites/newStart/Application/Common/Common/function.php 第 2 行.
NOTIC: [8] Undefined variable: data /Users/guoyuxin/Sites/newStart/Application/Common/Common/function.php 第 6 行.

[ 2016-11-23T12:46:53+08:00 ] 127.0.0.1 /newStart/admin.php?c=menu&a=add
INFO: [ app_begin ] --START--
INFO: Run Behavior\ReadHtmlCacheBehavior [ RunTime:0.000513s ]
INFO: [ app_begin ] --END-- [ RunTime:0.000986s ]
NOTIC: [2048] Declaration of Common\Model\MenuModel::select() should be compatible with Think\Model::select($options = Array) /Users/guoyuxin/Sites/newStart/Application/Common/Model/MenuModel.class.php 第 5 行.
NOTIC: [2048] Declaration of Common\Model\MenuModel::find() should be compatible with Think\Model::find($options = Array) /Users/guoyuxin/Sites/newStart/Application/Common/Model/MenuModel.class.php 第 5 行.
SQL: SHOW COLUMNS FROM `sb_menu` [ RunTime:0.0010s ]
SQL: SELECT * FROM `sb_menu` WHERE `status` <> -1 AND `level` >= '1'  [ RunTime:0.0005s ]
SQL: UPDATE `sb_menu` SET `name`='首页文章',`m`='admin',`c`='toparticle',`a`='index',`level`='2' WHERE ( id=6 ) [ RunTime:0.0004s ]
NOTIC: [2] Missing argument 3 for show(), called in /Users/guoyuxin/Sites/newStart/Application/Admin/Controller/MenuController.class.php on line 69 and defined /Users/guoyuxin/Sites/newStart/Application/Common/Common/function.php 第 2 行.
NOTIC: [8] Undefined variable: data /Users/guoyuxin/Sites/newStart/Application/Common/Common/function.php 第 6 行.

[ 2016-11-23T12:48:05+08:00 ] 127.0.0.1 /newStart/admin.php?c=menu&a=add
INFO: [ app_begin ] --START--
INFO: Run Behavior\ReadHtmlCacheBehavior [ RunTime:0.000361s ]
INFO: [ app_begin ] --END-- [ RunTime:0.000652s ]
NOTIC: [2048] Declaration of Common\Model\MenuModel::select() should be compatible with Think\Model::select($options = Array) /Users/guoyuxin/Sites/newStart/Application/Common/Model/MenuModel.class.php 第 5 行.
NOTIC: [2048] Declaration of Common\Model\MenuModel::find() should be compatible with Think\Model::find($options = Array) /Users/guoyuxin/Sites/newStart/Application/Common/Model/MenuModel.class.php 第 5 行.
SQL: SHOW COLUMNS FROM `sb_menu` [ RunTime:0.0010s ]
SQL: SELECT * FROM `sb_menu` WHERE `status` <> -1 AND `level` >= '1'  [ RunTime:0.0005s ]
ERR: 1406:Data too long for column 'c' at row 1
 [ SQL语句 ] : UPDATE `sb_menu` SET `name`='首页文章',`m`='admin',`c`='indexarticle',`a`='index',`level`='2' WHERE ( id=6 )
ERR: 1406:Data too long for column 'c' at row 1
 [ SQL语句 ] : UPDATE `sb_menu` SET `name`='首页文章',`m`='admin',`c`='indexarticle',`a`='index',`level`='2' WHERE ( id=6 )

[ 2016-11-23T12:48:49+08:00 ] 127.0.0.1 /newStart/admin.php?c=menu&a=add
INFO: [ app_begin ] --START--
INFO: Run Behavior\ReadHtmlCacheBehavior [ RunTime:0.000418s ]
INFO: [ app_begin ] --END-- [ RunTime:0.000960s ]
NOTIC: [2048] Declaration of Common\Model\MenuModel::select() should be compatible with Think\Model::select($options = Array) /Users/guoyuxin/Sites/newStart/Application/Common/Model/MenuModel.class.php 第 5 行.
NOTIC: [2048] Declaration of Common\Model\MenuModel::find() should be compatible with Think\Model::find($options = Array) /Users/guoyuxin/Sites/newStart/Application/Common/Model/MenuModel.class.php 第 5 行.
SQL: SHOW COLUMNS FROM `sb_menu` [ RunTime:0.0008s ]
SQL: SELECT * FROM `sb_menu` WHERE `status` <> -1 AND `level` >= '1'  [ RunTime:0.0004s ]
SQL: UPDATE `sb_menu` SET `name`='首页文章',`m`='admin',`c`='top',`a`='index',`level`='2' WHERE ( id=6 ) [ RunTime:0.0006s ]
NOTIC: [2] Missing argument 3 for show(), called in /Users/guoyuxin/Sites/newStart/Application/Admin/Controller/MenuController.class.php on line 67 and defined /Users/guoyuxin/Sites/newStart/Application/Common/Common/function.php 第 2 行.
NOTIC: [8] Undefined variable: data /Users/guoyuxin/Sites/newStart/Application/Common/Common/function.php 第 6 行.

[ 2016-11-23T12:48:55+08:00 ] 127.0.0.1 /newStart/admin.php?c=top
ERR: 无法加载控制器:Top

[ 2016-11-23T12:49:08+08:00 ] 127.0.0.1 /newStart/admin.php?c=menu&a=add
INFO: [ app_begin ] --START--
INFO: Run Behavior\ReadHtmlCacheBehavior [ RunTime:0.000590s ]
INFO: [ app_begin ] --END-- [ RunTime:0.000833s ]
NOTIC: [2048] Declaration of Common\Model\MenuModel::select() should be compatible with Think\Model::select($options = Array) /Users/guoyuxin/Sites/newStart/Application/Common/Model/MenuModel.class.php 第 5 行.
NOTIC: [2048] Declaration of Common\Model\MenuModel::find() should be compatible with Think\Model::find($options = Array) /Users/guoyuxin/Sites/newStart/Application/Common/Model/MenuModel.class.php 第 5 行.
SQL: SHOW COLUMNS FROM `sb_menu` [ RunTime:0.0006s ]
SQL: SELECT * FROM `sb_menu` WHERE `status` <> -1 AND `level` >= '1'  [ RunTime:0.0003s ]
SQL: UPDATE `sb_menu` SET `name`='首页文章',`m`='admin',`c`='topArticle',`a`='index',`level`='2' WHERE ( id=6 ) [ RunTime:0.0003s ]
NOTIC: [2] Missing argument 3 for show(), called in /Users/guoyuxin/Sites/newStart/Application/Admin/Controller/MenuController.class.php on line 67 and defined /Users/guoyuxin/Sites/newStart/Application/Common/Common/function.php 第 2 行.
NOTIC: [8] Undefined variable: data /Users/guoyuxin/Sites/newStart/Application/Common/Common/function.php 第 6 行.

[ 2016-11-23T12:49:19+08:00 ] 127.0.0.1 /newStart/admin.php?c=topArticle
ERR: 无法加载控制器:TopArticle

[ 2016-11-23T12:49:24+08:00 ] 127.0.0.1 /newStart/admin.php?c=news&a=edit&id=undefined
ERR: 非法操作:edit

[ 2016-11-23T12:49:59+08:00 ] 127.0.0.1 /newStart/admin.php?c=menu&a=add
INFO: [ app_begin ] --START--
INFO: Run Behavior\ReadHtmlCacheBehavior [ RunTime:0.000321s ]
INFO: [ app_begin ] --END-- [ RunTime:0.000602s ]
NOTIC: [2048] Declaration of Common\Model\MenuModel::select() should be compatible with Think\Model::select($options = Array) /Users/guoyuxin/Sites/newStart/Application/Common/Model/MenuModel.class.php 第 5 行.
NOTIC: [2048] Declaration of Common\Model\MenuModel::find() should be compatible with Think\Model::find($options = Array) /Users/guoyuxin/Sites/newStart/Application/Common/Model/MenuModel.class.php 第 5 行.
SQL: SHOW COLUMNS FROM `sb_menu` [ RunTime:0.0009s ]
SQL: SELECT * FROM `sb_menu` WHERE `status` <> -1 AND `level` >= '1'  [ RunTime:0.0005s ]
SQL: UPDATE `sb_menu` SET `name`='用户信息',`m`='admin',`c`='user',`a`='index',`level`='2' WHERE ( id=5 ) [ RunTime:0.0005s ]
NOTIC: [2] Missing argument 3 for show(), called in /Users/guoyuxin/Sites/newStart/Application/Admin/Controller/MenuController.class.php on line 67 and defined /Users/guoyuxin/Sites/newStart/Application/Common/Common/function.php 第 2 行.
NOTIC: [8] Undefined variable: data /Users/guoyuxin/Sites/newStart/Application/Common/Common/function.php 第 6 行.

[ 2016-11-23T12:50:04+08:00 ] 127.0.0.1 /newStart/admin.php?c=topArticle
ERR: 无法加载控制器:TopArticle

[ 2016-11-23T12:57:01+08:00 ] 127.0.0.1 /newStart/admin.php?c=topArticle
ERR: 无法加载控制器:TopArticle

[ 2016-11-23T13:03:00+08:00 ] 127.0.0.1 /newStart/admin.php?c=topArticle
ERR: 无法加载控制器:TopArticle

[ 2016-11-23T13:03:18+08:00 ] 127.0.0.1 /newStart/admin.php?c=topArticle
ERR: 无法加载控制器:TopArticle

[ 2016-11-23T13:03:29+08:00 ] 127.0.0.1 /newStart/admin.php?c=topArticle
ERR: 无法加载控制器:TopArticle

[ 2016-11-23T13:04:32+08:00 ] 127.0.0.1 /newStart/admin.php?c=topArticle
ERR: 无法加载控制器:TopArticle

[ 2016-11-23T13:08:10+08:00 ] 127.0.0.1 /newStart/admin.php?c=topArticle
ERR: 无法加载控制器:TopArticle

[ 2016-11-23T15:20:26+08:00 ] 127.0.0.1 /newStart/admin.php?c=news&a=edit&id=undefined
ERR: 非法操作:edit

[ 2016-11-23T15:54:07+08:00 ] 127.0.0.1 /newStart/admin.php?c=news&catid=1
ERR: 1054:Unknown column 'listorder' in 'order clause'
 [ SQL语句 ] : SELECT * FROM `sb_news` WHERE `status` <> -1 AND `catid` = 1 ORDER BY listorder DESC,news_id DESC LIMIT 0,1  

[ 2016-11-23T16:53:15+08:00 ] 127.0.0.1 /newStart/admin.php?c=topArticle&a=editTop
INFO: [ app_begin ] --START--
INFO: Run Behavior\ReadHtmlCacheBehavior [ RunTime:0.000288s ]
INFO: [ app_begin ] --END-- [ RunTime:0.000494s ]
NOTIC: [2048] Declaration of Common\Model\MenuModel::select() should be compatible with Think\Model::select($options = Array) /Users/guoyuxin/Sites/newStart/Application/Common/Model/MenuModel.class.php 第 5 行.
NOTIC: [2048] Declaration of Common\Model\MenuModel::find() should be compatible with Think\Model::find($options = Array) /Users/guoyuxin/Sites/newStart/Application/Common/Model/MenuModel.class.php 第 5 行.
SQL: SHOW COLUMNS FROM `sb_menu` [ RunTime:0.0006s ]
SQL: SELECT * FROM `sb_menu` WHERE `status` <> -1 AND `level` >= '1'  [ RunTime:0.0003s ]
NOTIC: [8] Undefined offset: 1 /Users/guoyuxin/Sites/newStart/Application/Admin/Controller/CommonController.class.php 第 42 行.

[ 2016-11-23T18:43:21+08:00 ] 127.0.0.1 /newStart/admin.php?c=topArticle&a=editTop
INFO: [ app_begin ] --START--
INFO: Run Behavior\ReadHtmlCacheBehavior [ RunTime:0.000292s ]
INFO: [ app_begin ] --END-- [ RunTime:0.000517s ]
NOTIC: [2048] Declaration of Common\Model\MenuModel::select() should be compatible with Think\Model::select($options = Array) /Users/guoyuxin/Sites/newStart/Application/Common/Model/MenuModel.class.php 第 5 行.
NOTIC: [2048] Declaration of Common\Model\MenuModel::find() should be compatible with Think\Model::find($options = Array) /Users/guoyuxin/Sites/newStart/Application/Common/Model/MenuModel.class.php 第 5 行.
SQL: SHOW COLUMNS FROM `sb_menu` [ RunTime:0.0008s ]
SQL: SELECT * FROM `sb_menu` WHERE `status` <> -1 AND `level` >= '1'  [ RunTime:0.0004s ]
NOTIC: [8] Undefined offset: 1 /Users/guoyuxin/Sites/newStart/Application/Admin/Controller/CommonController.class.php 第 42 行.

[ 2016-11-23T18:44:07+08:00 ] 127.0.0.1 /newStart/admin.php?c=topArticle&a=editTop
INFO: [ app_begin ] --START--
INFO: Run Behavior\ReadHtmlCacheBehavior [ RunTime:0.000295s ]
INFO: [ app_begin ] --END-- [ RunTime:0.000563s ]
NOTIC: [2048] Declaration of Common\Model\MenuModel::select() should be compatible with Think\Model::select($options = Array) /Users/guoyuxin/Sites/newStart/Application/Common/Model/MenuModel.class.php 第 5 行.
NOTIC: [2048] Declaration of Common\Model\MenuModel::find() should be compatible with Think\Model::find($options = Array) /Users/guoyuxin/Sites/newStart/Application/Common/Model/MenuModel.class.php 第 5 行.
SQL: SHOW COLUMNS FROM `sb_menu` [ RunTime:0.0006s ]
SQL: SELECT * FROM `sb_menu` WHERE `status` <> -1 AND `level` >= '1'  [ RunTime:0.0005s ]
NOTIC: [8] Undefined offset: 1 /Users/guoyuxin/Sites/newStart/Application/Admin/Controller/CommonController.class.php 第 42 行.

[ 2016-11-23T18:45:43+08:00 ] 127.0.0.1 /newStart/admin.php?c=topArticle&a=editTop
INFO: [ app_begin ] --START--
INFO: Run Behavior\ReadHtmlCacheBehavior [ RunTime:0.000483s ]
INFO: [ app_begin ] --END-- [ RunTime:0.000887s ]
NOTIC: [2048] Declaration of Common\Model\MenuModel::select() should be compatible with Think\Model::select($options = Array) /Users/guoyuxin/Sites/newStart/Application/Common/Model/MenuModel.class.php 第 5 行.
NOTIC: [2048] Declaration of Common\Model\MenuModel::find() should be compatible with Think\Model::find($options = Array) /Users/guoyuxin/Sites/newStart/Application/Common/Model/MenuModel.class.php 第 5 行.
SQL: SHOW COLUMNS FROM `sb_menu` [ RunTime:0.0006s ]
SQL: SELECT * FROM `sb_menu` WHERE `status` <> -1 AND `level` >= '1'  [ RunTime:0.0005s ]
NOTIC: [8] Undefined offset: 1 /Users/guoyuxin/Sites/newStart/Application/Admin/Controller/CommonController.class.php 第 42 行.

[ 2016-11-23T18:45:54+08:00 ] 127.0.0.1 /newStart/admin.php?c=topArticle&a=editTop
INFO: [ app_begin ] --START--
INFO: Run Behavior\ReadHtmlCacheBehavior [ RunTime:0.000576s ]
INFO: [ app_begin ] --END-- [ RunTime:0.001039s ]
NOTIC: [2048] Declaration of Common\Model\MenuModel::select() should be compatible with Think\Model::select($options = Array) /Users/guoyuxin/Sites/newStart/Application/Common/Model/MenuModel.class.php 第 5 行.
NOTIC: [2048] Declaration of Common\Model\MenuModel::find() should be compatible with Think\Model::find($options = Array) /Users/guoyuxin/Sites/newStart/Application/Common/Model/MenuModel.class.php 第 5 行.
SQL: SHOW COLUMNS FROM `sb_menu` [ RunTime:0.0007s ]
SQL: SELECT * FROM `sb_menu` WHERE `status` <> -1 AND `level` >= '1'  [ RunTime:0.0005s ]
NOTIC: [8] Undefined offset: 1 /Users/guoyuxin/Sites/newStart/Application/Admin/Controller/CommonController.class.php 第 42 行.

[ 2016-11-23T18:47:28+08:00 ] 127.0.0.1 /newStart/admin.php?c=topArticle&a=editTop
INFO: [ app_begin ] --START--
INFO: Run Behavior\ReadHtmlCacheBehavior [ RunTime:0.000498s ]
INFO: [ app_begin ] --END-- [ RunTime:0.000894s ]
NOTIC: [2048] Declaration of Common\Model\MenuModel::select() should be compatible with Think\Model::select($options = Array) /Users/guoyuxin/Sites/newStart/Application/Common/Model/MenuModel.class.php 第 5 行.
NOTIC: [2048] Declaration of Common\Model\MenuModel::find() should be compatible with Think\Model::find($options = Array) /Users/guoyuxin/Sites/newStart/Application/Common/Model/MenuModel.class.php 第 5 行.
SQL: SHOW COLUMNS FROM `sb_menu` [ RunTime:0.0008s ]
SQL: SELECT * FROM `sb_menu` WHERE `status` <> -1 AND `level` >= '1'  [ RunTime:0.0004s ]
NOTIC: [8] Undefined offset: 1 /Users/guoyuxin/Sites/newStart/Application/Admin/Controller/CommonController.class.php 第 42 行.
NOTIC: [2048] Declaration of Common\Model\TopArticleModel::select() should be compatible with Think\Model::select($options = Array) /Users/guoyuxin/Sites/newStart/Application/Common/Model/TopArticleModel.class.php 第 22 行.
SQL: SHOW COLUMNS FROM `sb_top_article` [ RunTime:0.0006s ]
SQL: UPDATE `sb_top_article` SET `catid`='3',`newsname`='tt',`news_id`='4',`id`='1' WHERE ( id=1 ) [ RunTime:0.0004s ]
NOTIC: [2] Missing argument 3 for show(), called in /Users/guoyuxin/Sites/newStart/Application/Admin/Controller/TopArticleController.class.php on line 34 and defined /Users/guoyuxin/Sites/newStart/Application/Common/Common/function.php 第 2 行.
NOTIC: [8] Undefined variable: data /Users/guoyuxin/Sites/newStart/Application/Common/Common/function.php 第 6 行.

[ 2016-11-23T18:49:51+08:00 ] 127.0.0.1 /newStart/admin.php?c=topArticle&a=editTop
INFO: [ app_begin ] --START--
INFO: Run Behavior\ReadHtmlCacheBehavior [ RunTime:0.000500s ]
INFO: [ app_begin ] --END-- [ RunTime:0.000892s ]
NOTIC: [2048] Declaration of Common\Model\MenuModel::select() should be compatible with Think\Model::select($options = Array) /Users/guoyuxin/Sites/newStart/Application/Common/Model/MenuModel.class.php 第 5 行.
NOTIC: [2048] Declaration of Common\Model\MenuModel::find() should be compatible with Think\Model::find($options = Array) /Users/guoyuxin/Sites/newStart/Application/Common/Model/MenuModel.class.php 第 5 行.
SQL: SHOW COLUMNS FROM `sb_menu` [ RunTime:0.0007s ]
SQL: SELECT * FROM `sb_menu` WHERE `status` <> -1 AND `level` >= '1'  [ RunTime:0.0004s ]
NOTIC: [8] Undefined offset: 1 /Users/guoyuxin/Sites/newStart/Application/Admin/Controller/CommonController.class.php 第 42 行.
NOTIC: [2048] Declaration of Common\Model\TopArticleModel::select() should be compatible with Think\Model::select($options = Array) /Users/guoyuxin/Sites/newStart/Application/Common/Model/TopArticleModel.class.php 第 22 行.
SQL: SHOW COLUMNS FROM `sb_top_article` [ RunTime:0.0008s ]
SQL: UPDATE `sb_top_article` SET `catid`='1',`newsname`='a;dsfjs;a',`news_id`='1',`id`='1' WHERE ( id=1 ) [ RunTime:0.0003s ]
NOTIC: [2] Missing argument 3 for show(), called in /Users/guoyuxin/Sites/newStart/Application/Admin/Controller/TopArticleController.class.php on line 34 and defined /Users/guoyuxin/Sites/newStart/Application/Common/Common/function.php 第 2 行.
NOTIC: [8] Undefined variable: data /Users/guoyuxin/Sites/newStart/Application/Common/Common/function.php 第 6 行.

[ 2016-11-23T19:27:16+08:00 ] 127.0.0.1 /newStart/admin.php?a=TopArticle&c=edit
INFO: [ app_begin ] --START--
INFO: Run Behavior\ReadHtmlCacheBehavior [ RunTime:0.000500s ]
INFO: [ app_begin ] --END-- [ RunTime:0.000902s ]
ERR: 无法加载控制器:Edit

[ 2016-11-23T19:28:02+08:00 ] 127.0.0.1 /newStart/admin.php?c=TopArticle&a=edit
INFO: [ app_begin ] --START--
INFO: Run Behavior\ReadHtmlCacheBehavior [ RunTime:0.000896s ]
INFO: [ app_begin ] --END-- [ RunTime:0.001457s ]
NOTIC: [2048] Declaration of Common\Model\MenuModel::select() should be compatible with Think\Model::select($options = Array) /Users/guoyuxin/Sites/newStart/Application/Common/Model/MenuModel.class.php 第 5 行.
NOTIC: [2048] Declaration of Common\Model\MenuModel::find() should be compatible with Think\Model::find($options = Array) /Users/guoyuxin/Sites/newStart/Application/Common/Model/MenuModel.class.php 第 5 行.
SQL: SHOW COLUMNS FROM `sb_menu` [ RunTime:0.0010s ]
SQL: SELECT * FROM `sb_menu` WHERE `status` <> -1 AND `level` >= '1'  [ RunTime:0.0013s ]
NOTIC: [8] Undefined offset: 1 /Users/guoyuxin/Sites/newStart/Application/Admin/Controller/CommonController.class.php 第 42 行.
NOTIC: [2048] Declaration of Common\Model\NewsCatModel::select() should be compatible with Think\Model::select($options = Array) /Users/guoyuxin/Sites/newStart/Application/Common/Model/NewsCatModel.class.php 第 23 行.
NOTIC: [2048] Declaration of Common\Model\NewsCatModel::find() should be compatible with Think\Model::find($options = Array) /Users/guoyuxin/Sites/newStart/Application/Common/Model/NewsCatModel.class.php 第 23 行.
SQL: SHOW COLUMNS FROM `sb_news_cat` [ RunTime:0.0009s ]
SQL: SELECT * FROM `sb_news_cat`  [ RunTime:0.0009s ]
NOTIC: [8] Undefined index: catid /Users/guoyuxin/Sites/newStart/Application/Admin/Controller/TopArticleController.class.php 第 13 行.
NOTIC: [8] Undefined index: id /Users/guoyuxin/Sites/newStart/Application/Admin/Controller/TopArticleController.class.php 第 14 行.
NOTIC: [8] Undefined index: p /Users/guoyuxin/Sites/newStart/Application/Admin/Controller/TopArticleController.class.php 第 15 行.

[ 2016-11-23T19:29:08+08:00 ] 127.0.0.1 /newStart/admin.php?c=TopArticle&a=edit
INFO: [ app_begin ] --START--
INFO: Run Behavior\ReadHtmlCacheBehavior [ RunTime:0.000293s ]
INFO: [ app_begin ] --END-- [ RunTime:0.000525s ]
NOTIC: [2048] Declaration of Common\Model\MenuModel::select() should be compatible with Think\Model::select($options = Array) /Users/guoyuxin/Sites/newStart/Application/Common/Model/MenuModel.class.php 第 5 行.
NOTIC: [2048] Declaration of Common\Model\MenuModel::find() should be compatible with Think\Model::find($options = Array) /Users/guoyuxin/Sites/newStart/Application/Common/Model/MenuModel.class.php 第 5 行.
SQL: SHOW COLUMNS FROM `sb_menu` [ RunTime:0.0009s ]
SQL: SELECT * FROM `sb_menu` WHERE `status` <> -1 AND `level` >= '1'  [ RunTime:0.0009s ]
NOTIC: [8] Undefined offset: 1 /Users/guoyuxin/Sites/newStart/Application/Admin/Controller/CommonController.class.php 第 42 行.
NOTIC: [2048] Declaration of Common\Model\NewsCatModel::select() should be compatible with Think\Model::select($options = Array) /Users/guoyuxin/Sites/newStart/Application/Common/Model/NewsCatModel.class.php 第 23 行.
NOTIC: [2048] Declaration of Common\Model\NewsCatModel::find() should be compatible with Think\Model::find($options = Array) /Users/guoyuxin/Sites/newStart/Application/Common/Model/NewsCatModel.class.php 第 23 行.
SQL: SHOW COLUMNS FROM `sb_news_cat` [ RunTime:0.0008s ]
SQL: SELECT * FROM `sb_news_cat`  [ RunTime:0.0004s ]
NOTIC: [8] Undefined index: catid /Users/guoyuxin/Sites/newStart/Application/Admin/Controller/TopArticleController.class.php 第 13 行.
NOTIC: [8] Undefined index: id /Users/guoyuxin/Sites/newStart/Application/Admin/Controller/TopArticleController.class.php 第 14 行.
NOTIC: [8] Undefined index: p /Users/guoyuxin/Sites/newStart/Application/Admin/Controller/TopArticleController.class.php 第 15 行.
NOTIC: [2048] Declaration of Common\Model\NewsModel::select() should be compatible with Think\Model::select($options = Array) /Users/guoyuxin/Sites/newStart/Application/Common/Model/NewsModel.class.php 第 61 行.
SQL: SHOW COLUMNS FROM `sb_news` [ RunTime:0.0010s ]
SQL: SELECT * FROM `sb_news` WHERE `status` <> -1 AND `catid` = 1 ORDER BY news_id DESC LIMIT 0,1   [ RunTime:0.0006s ]
SQL: SELECT COUNT(*) AS tp_count FROM `sb_news` WHERE `status` <> -1 AND `catid` = 1 LIMIT 1   [ RunTime:0.0004s ]
INFO: [ view_parse ] --START--
INFO: [ template_filter ] --START--
INFO: Run Behavior\ContentReplaceBehavior [ RunTime:0.000058s ]
INFO: [ template_filter ] --END-- [ RunTime:0.000115s ]
SQL: SELECT * FROM `sb_menu` WHERE `status` <> -1 AND `level` >= '1'  [ RunTime:0.0005s ]
SQL: SELECT * FROM `sb_news_cat`  [ RunTime:0.0003s ]
NOTIC: [8] Use of undefined constant id - assumed 'id' /Users/guoyuxin/Sites/newStart/Application/Runtime/Cache/Admin/11c23677227fa3883158314b14e6a5af.php 第 328 行.
INFO: Run Behavior\ParseTemplateBehavior [ RunTime:0.016981s ]
INFO: [ view_parse ] --END-- [ RunTime:0.017029s ]
INFO: [ view_filter ] --START--
INFO: Run Behavior\WriteHtmlCacheBehavior [ RunTime:0.000234s ]
INFO: [ view_filter ] --END-- [ RunTime:0.000276s ]
INFO: [ app_end ] --START--
INFO: Run Behavior\ShowPageTraceBehavior [ RunTime:0.000510s ]
INFO: [ app_end ] --END-- [ RunTime:0.000576s ]

[ 2016-11-23T19:31:59+08:00 ] 127.0.0.1 /newStart/admin.php?c=TopArticle&a=editChange
INFO: [ app_begin ] --START--
INFO: Run Behavior\ReadHtmlCacheBehavior [ RunTime:0.000506s ]
INFO: [ app_begin ] --END-- [ RunTime:0.000934s ]
NOTIC: [2048] Declaration of Common\Model\MenuModel::select() should be compatible with Think\Model::select($options = Array) /Users/guoyuxin/Sites/newStart/Application/Common/Model/MenuModel.class.php 第 5 行.
NOTIC: [2048] Declaration of Common\Model\MenuModel::find() should be compatible with Think\Model::find($options = Array) /Users/guoyuxin/Sites/newStart/Application/Common/Model/MenuModel.class.php 第 5 行.
SQL: SHOW COLUMNS FROM `sb_menu` [ RunTime:0.0008s ]
SQL: SELECT * FROM `sb_menu` WHERE `status` <> -1 AND `level` >= '1'  [ RunTime:0.0004s ]
NOTIC: [8] Undefined offset: 1 /Users/guoyuxin/Sites/newStart/Application/Admin/Controller/CommonController.class.php 第 42 行.

[ 2016-11-23T19:33:19+08:00 ] 127.0.0.1 /newStart/admin.php?c=TopArticle&a=editChange
INFO: [ app_begin ] --START--
INFO: Run Behavior\ReadHtmlCacheBehavior [ RunTime:0.000565s ]
INFO: [ app_begin ] --END-- [ RunTime:0.001015s ]
NOTIC: [2048] Declaration of Common\Model\MenuModel::select() should be compatible with Think\Model::select($options = Array) /Users/guoyuxin/Sites/newStart/Application/Common/Model/MenuModel.class.php 第 5 行.
NOTIC: [2048] Declaration of Common\Model\MenuModel::find() should be compatible with Think\Model::find($options = Array) /Users/guoyuxin/Sites/newStart/Application/Common/Model/MenuModel.class.php 第 5 行.
SQL: SHOW COLUMNS FROM `sb_menu` [ RunTime:0.0005s ]
SQL: SELECT * FROM `sb_menu` WHERE `status` <> -1 AND `level` >= '1'  [ RunTime:0.0005s ]
NOTIC: [8] Undefined offset: 1 /Users/guoyuxin/Sites/newStart/Application/Admin/Controller/CommonController.class.php 第 42 行.

[ 2016-11-23T19:45:50+08:00 ] 127.0.0.1 /newStart/admin.php?c=topArticle&a=editTop
INFO: [ app_begin ] --START--
INFO: Run Behavior\ReadHtmlCacheBehavior [ RunTime:0.000391s ]
INFO: [ app_begin ] --END-- [ RunTime:0.000753s ]
NOTIC: [2048] Declaration of Common\Model\MenuModel::select() should be compatible with Think\Model::select($options = Array) /Users/guoyuxin/Sites/newStart/Application/Common/Model/MenuModel.class.php 第 5 行.
NOTIC: [2048] Declaration of Common\Model\MenuModel::find() should be compatible with Think\Model::find($options = Array) /Users/guoyuxin/Sites/newStart/Application/Common/Model/MenuModel.class.php 第 5 行.
SQL: SHOW COLUMNS FROM `sb_menu` [ RunTime:0.0005s ]
SQL: SELECT * FROM `sb_menu` WHERE `status` <> -1 AND `level` >= '1'  [ RunTime:0.0003s ]
NOTIC: [8] Undefined offset: 1 /Users/guoyuxin/Sites/newStart/Application/Admin/Controller/CommonController.class.php 第 42 行.
NOTIC: [2048] Declaration of Common\Model\TopArticleModel::select() should be compatible with Think\Model::select($options = Array) /Users/guoyuxin/Sites/newStart/Application/Common/Model/TopArticleModel.class.php 第 22 行.
SQL: SHOW COLUMNS FROM `sb_top_article` [ RunTime:0.0005s ]
SQL: UPDATE `sb_top_article` SET `catid`='3',`newsname`='第一篇置顶文章',`news_id`='5',`id`='1' WHERE ( id=1 ) [ RunTime:0.0003s ]
NOTIC: [2] Missing argument 3 for show(), called in /Users/guoyuxin/Sites/newStart/Application/Admin/Controller/TopArticleController.class.php on line 36 and defined /Users/guoyuxin/Sites/newStart/Application/Common/Common/function.php 第 2 行.
NOTIC: [8] Undefined variable: data /Users/guoyuxin/Sites/newStart/Application/Common/Common/function.php 第 6 行.

[ 2016-11-23T19:48:57+08:00 ] 127.0.0.1 /newStart/admin.php?c=topArticle&a=editTop
INFO: [ app_begin ] --START--
INFO: Run Behavior\ReadHtmlCacheBehavior [ RunTime:0.000263s ]
INFO: [ app_begin ] --END-- [ RunTime:0.000476s ]
NOTIC: [2048] Declaration of Common\Model\MenuModel::select() should be compatible with Think\Model::select($options = Array) /Users/guoyuxin/Sites/newStart/Application/Common/Model/MenuModel.class.php 第 5 行.
NOTIC: [2048] Declaration of Common\Model\MenuModel::find() should be compatible with Think\Model::find($options = Array) /Users/guoyuxin/Sites/newStart/Application/Common/Model/MenuModel.class.php 第 5 行.
SQL: SHOW COLUMNS FROM `sb_menu` [ RunTime:0.0006s ]
SQL: SELECT * FROM `sb_menu` WHERE `status` <> -1 AND `level` >= '1'  [ RunTime:0.0004s ]
NOTIC: [8] Undefined offset: 1 /Users/guoyuxin/Sites/newStart/Application/Admin/Controller/CommonController.class.php 第 42 行.
NOTIC: [2048] Declaration of Common\Model\TopArticleModel::select() should be compatible with Think\Model::select($options = Array) /Users/guoyuxin/Sites/newStart/Application/Common/Model/TopArticleModel.class.php 第 22 行.
SQL: SHOW COLUMNS FROM `sb_top_article` [ RunTime:0.0007s ]
SQL: UPDATE `sb_top_article` SET `catid`='1',`newsname`='a;dsfjs;a',`news_id`='1',`id`='1' WHERE ( id=1 ) [ RunTime:0.0003s ]
NOTIC: [2] Missing argument 3 for show(), called in /Users/guoyuxin/Sites/newStart/Application/Admin/Controller/TopArticleController.class.php on line 34 and defined /Users/guoyuxin/Sites/newStart/Application/Common/Common/function.php 第 2 行.
NOTIC: [8] Undefined variable: data /Users/guoyuxin/Sites/newStart/Application/Common/Common/function.php 第 6 行.

[ 2016-11-23T19:51:17+08:00 ] 127.0.0.1 /newStart/admin.php?c=topArticle&a=editTop
INFO: [ app_begin ] --START--
INFO: Run Behavior\ReadHtmlCacheBehavior [ RunTime:0.000346s ]
INFO: [ app_begin ] --END-- [ RunTime:0.000688s ]
NOTIC: [2048] Declaration of Common\Model\MenuModel::select() should be compatible with Think\Model::select($options = Array) /Users/guoyuxin/Sites/newStart/Application/Common/Model/MenuModel.class.php 第 5 行.
NOTIC: [2048] Declaration of Common\Model\MenuModel::find() should be compatible with Think\Model::find($options = Array) /Users/guoyuxin/Sites/newStart/Application/Common/Model/MenuModel.class.php 第 5 行.
SQL: SHOW COLUMNS FROM `sb_menu` [ RunTime:0.0005s ]
SQL: SELECT * FROM `sb_menu` WHERE `status` <> -1 AND `level` >= '1'  [ RunTime:0.0003s ]
NOTIC: [8] Undefined offset: 1 /Users/guoyuxin/Sites/newStart/Application/Admin/Controller/CommonController.class.php 第 42 行.
NOTIC: [2048] Declaration of Common\Model\TopArticleModel::select() should be compatible with Think\Model::select($options = Array) /Users/guoyuxin/Sites/newStart/Application/Common/Model/TopArticleModel.class.php 第 22 行.
SQL: SHOW COLUMNS FROM `sb_top_article` [ RunTime:0.0004s ]
SQL: UPDATE `sb_top_article` SET `catid`='1',`newsname`='第一篇置顶文章',`news_id`='5',`id`='2' WHERE ( id=2 ) [ RunTime:0.0003s ]
NOTIC: [2] Missing argument 3 for show(), called in /Users/guoyuxin/Sites/newStart/Application/Admin/Controller/TopArticleController.class.php on line 34 and defined /Users/guoyuxin/Sites/newStart/Application/Common/Common/function.php 第 2 行.
NOTIC: [8] Undefined variable: data /Users/guoyuxin/Sites/newStart/Application/Common/Common/function.php 第 6 行.

[ 2016-11-23T21:19:55+08:00 ] 127.0.0.1 /newStart/admin.php?c=topArticle&a=editTop
INFO: [ app_begin ] --START--
INFO: Run Behavior\ReadHtmlCacheBehavior [ RunTime:0.000256s ]
INFO: [ app_begin ] --END-- [ RunTime:0.000447s ]
NOTIC: [2048] Declaration of Common\Model\MenuModel::select() should be compatible with Think\Model::select($options = Array) /Users/guoyuxin/Sites/newStart/Application/Common/Model/MenuModel.class.php 第 5 行.
NOTIC: [2048] Declaration of Common\Model\MenuModel::find() should be compatible with Think\Model::find($options = Array) /Users/guoyuxin/Sites/newStart/Application/Common/Model/MenuModel.class.php 第 5 行.
SQL: SHOW COLUMNS FROM `sb_menu` [ RunTime:0.0005s ]
SQL: SELECT * FROM `sb_menu` WHERE `status` <> -1 AND `level` >= '1'  [ RunTime:0.0003s ]
NOTIC: [8] Undefined offset: 1 /Users/guoyuxin/Sites/newStart/Application/Admin/Controller/CommonController.class.php 第 42 行.
NOTIC: [2048] Declaration of Common\Model\TopArticleModel::select() should be compatible with Think\Model::select($options = Array) /Users/guoyuxin/Sites/newStart/Application/Common/Model/TopArticleModel.class.php 第 22 行.
SQL: SHOW COLUMNS FROM `sb_top_article` [ RunTime:0.0005s ]
SQL: UPDATE `sb_top_article` SET `catid`='3',`newsname`='第一篇置顶文章',`news_id`='5',`id`='3' WHERE ( id=3 ) [ RunTime:0.0003s ]
NOTIC: [2] Missing argument 3 for show(), called in /Users/guoyuxin/Sites/newStart/Application/Admin/Controller/TopArticleController.class.php on line 38 and defined /Users/guoyuxin/Sites/newStart/Application/Common/Common/function.php 第 2 行.
NOTIC: [8] Undefined variable: data /Users/guoyuxin/Sites/newStart/Application/Common/Common/function.php 第 6 行.

[ 2016-11-23T21:20:48+08:00 ] 127.0.0.1 /newStart/admin.php?c=news&a=edit&id=undefined&catid=undefined
ERR: 非法操作:edit

[ 2016-11-23T21:21:52+08:00 ] 127.0.0.1 /newStart/admin.php?c=login&a=check
INFO: [ app_begin ] --START--
INFO: Run Behavior\ReadHtmlCacheBehavior [ RunTime:0.000383s ]
INFO: [ app_begin ] --END-- [ RunTime:0.000837s ]
NOTIC: [2048] Declaration of Common\Model\LoginModel::find() should be compatible with Think\Model::find($options = Array) /Users/guoyuxin/Sites/newStart/Application/Common/Model/LoginModel.class.php 第 5 行.
SQL: SHOW COLUMNS FROM `sb_admin` [ RunTime:0.0006s ]
SQL: SELECT * FROM `sb_admin` WHERE ( adminName="guoyuxin" ) LIMIT 1   [ RunTime:0.0003s ]
NOTIC: [2] Missing argument 3 for show(), called in /Users/guoyuxin/Sites/newStart/Application/Admin/Controller/LoginController.class.php on line 24 and defined /Users/guoyuxin/Sites/newStart/Application/Common/Common/function.php 第 2 行.
NOTIC: [8] Undefined variable: data /Users/guoyuxin/Sites/newStart/Application/Common/Common/function.php 第 6 行.

[ 2016-11-23T21:21:55+08:00 ] 127.0.0.1 /newStart/admin.php?c=login&a=check
INFO: [ app_begin ] --START--
INFO: Run Behavior\ReadHtmlCacheBehavior [ RunTime:0.000301s ]
INFO: [ app_begin ] --END-- [ RunTime:0.000520s ]
NOTIC: [2048] Declaration of Common\Model\LoginModel::find() should be compatible with Think\Model::find($options = Array) /Users/guoyuxin/Sites/newStart/Application/Common/Model/LoginModel.class.php 第 5 行.
SQL: SHOW COLUMNS FROM `sb_admin` [ RunTime:0.0005s ]
SQL: SELECT * FROM `sb_admin` WHERE ( adminName="guoyuxin" ) LIMIT 1   [ RunTime:0.0003s ]
NOTIC: [2] Missing argument 3 for show(), called in /Users/guoyuxin/Sites/newStart/Application/Admin/Controller/LoginController.class.php on line 28 and defined /Users/guoyuxin/Sites/newStart/Application/Common/Common/function.php 第 2 行.
NOTIC: [8] Undefined variable: data /Users/guoyuxin/Sites/newStart/Application/Common/Common/function.php 第 6 行.

[ 2016-11-23T21:22:30+08:00 ] 127.0.0.1 /newStart/admin.php?c=login&a=check
INFO: [ app_begin ] --START--
INFO: Run Behavior\ReadHtmlCacheBehavior [ RunTime:0.000265s ]
INFO: [ app_begin ] --END-- [ RunTime:0.000463s ]
NOTIC: [2048] Declaration of Common\Model\LoginModel::find() should be compatible with Think\Model::find($options = Array) /Users/guoyuxin/Sites/newStart/Application/Common/Model/LoginModel.class.php 第 5 行.
SQL: SHOW COLUMNS FROM `sb_admin` [ RunTime:0.0006s ]
SQL: SELECT * FROM `sb_admin` WHERE ( adminName="gyx" ) LIMIT 1   [ RunTime:0.0003s ]
NOTIC: [2] Missing argument 3 for show(), called in /Users/guoyuxin/Sites/newStart/Application/Admin/Controller/LoginController.class.php on line 28 and defined /Users/guoyuxin/Sites/newStart/Application/Common/Common/function.php 第 2 行.
NOTIC: [8] Undefined variable: data /Users/guoyuxin/Sites/newStart/Application/Common/Common/function.php 第 6 行.

[ 2016-11-23T21:22:49+08:00 ] 127.0.0.1 /newStart/admin.php?c=user&a=add
ERR: 非法操作:add

[ 2016-11-23T21:28:33+08:00 ] 127.0.0.1 /newStart/admin.php?c=user&a=edit&id=undefined&catid=undefined
ERR: 非法操作:edit

[ 2016-11-23T22:01:03+08:00 ] 127.0.0.1 /newStart/admin.php?c=admin&a=add
INFO: [ app_begin ] --START--
INFO: Run Behavior\ReadHtmlCacheBehavior [ RunTime:0.000434s ]
INFO: [ app_begin ] --END-- [ RunTime:0.000662s ]
NOTIC: [2048] Declaration of Common\Model\MenuModel::select() should be compatible with Think\Model::select($options = Array) /Users/guoyuxin/Sites/newStart/Application/Common/Model/MenuModel.class.php 第 5 行.
NOTIC: [2048] Declaration of Common\Model\MenuModel::find() should be compatible with Think\Model::find($options = Array) /Users/guoyuxin/Sites/newStart/Application/Common/Model/MenuModel.class.php 第 5 行.
SQL: SHOW COLUMNS FROM `sb_menu` [ RunTime:0.0005s ]
SQL: SELECT * FROM `sb_menu` WHERE `status` <> -1 AND `level` >= '1'  [ RunTime:0.0003s ]
NOTIC: [8] Undefined offset: 1 /Users/guoyuxin/Sites/newStart/Application/Admin/Controller/CommonController.class.php 第 42 行.

[ 2016-11-23T22:02:06+08:00 ] 127.0.0.1 /newStart/admin.php?c=admin&a=add
INFO: [ app_begin ] --START--
INFO: Run Behavior\ReadHtmlCacheBehavior [ RunTime:0.000618s ]
INFO: [ app_begin ] --END-- [ RunTime:0.001156s ]
NOTIC: [2048] Declaration of Common\Model\MenuModel::select() should be compatible with Think\Model::select($options = Array) /Users/guoyuxin/Sites/newStart/Application/Common/Model/MenuModel.class.php 第 5 行.
NOTIC: [2048] Declaration of Common\Model\MenuModel::find() should be compatible with Think\Model::find($options = Array) /Users/guoyuxin/Sites/newStart/Application/Common/Model/MenuModel.class.php 第 5 行.
SQL: SHOW COLUMNS FROM `sb_menu` [ RunTime:0.0009s ]
SQL: SELECT * FROM `sb_menu` WHERE `status` <> -1 AND `level` >= '1'  [ RunTime:0.0007s ]
NOTIC: [8] Undefined offset: 1 /Users/guoyuxin/Sites/newStart/Application/Admin/Controller/CommonController.class.php 第 42 行.

[ 2016-11-23T22:02:15+08:00 ] 127.0.0.1 /newStart/admin.php?c=admin&a=add
INFO: [ app_begin ] --START--
INFO: Run Behavior\ReadHtmlCacheBehavior [ RunTime:0.000501s ]
INFO: [ app_begin ] --END-- [ RunTime:0.000900s ]
NOTIC: [2048] Declaration of Common\Model\MenuModel::select() should be compatible with Think\Model::select($options = Array) /Users/guoyuxin/Sites/newStart/Application/Common/Model/MenuModel.class.php 第 5 行.
NOTIC: [2048] Declaration of Common\Model\MenuModel::find() should be compatible with Think\Model::find($options = Array) /Users/guoyuxin/Sites/newStart/Application/Common/Model/MenuModel.class.php 第 5 行.
SQL: SHOW COLUMNS FROM `sb_menu` [ RunTime:0.0009s ]
SQL: SELECT * FROM `sb_menu` WHERE `status` <> -1 AND `level` >= '1'  [ RunTime:0.0007s ]
NOTIC: [8] Undefined offset: 1 /Users/guoyuxin/Sites/newStart/Application/Admin/Controller/CommonController.class.php 第 42 行.
NOTIC: [2] Missing argument 3 for show(), called in /Users/guoyuxin/Sites/newStart/Application/Admin/Controller/AdminController.class.php on line 15 and defined /Users/guoyuxin/Sites/newStart/Application/Common/Common/function.php 第 2 行.
NOTIC: [8] Undefined variable: data /Users/guoyuxin/Sites/newStart/Application/Common/Common/function.php 第 6 行.

[ 2016-11-23T22:05:01+08:00 ] 127.0.0.1 /newStart/admin.php?c=admin&a=add
INFO: [ app_begin ] --START--
INFO: Run Behavior\ReadHtmlCacheBehavior [ RunTime:0.000522s ]
INFO: [ app_begin ] --END-- [ RunTime:0.001146s ]
NOTIC: [2048] Declaration of Common\Model\MenuModel::select() should be compatible with Think\Model::select($options = Array) /Users/guoyuxin/Sites/newStart/Application/Common/Model/MenuModel.class.php 第 5 行.
NOTIC: [2048] Declaration of Common\Model\MenuModel::find() should be compatible with Think\Model::find($options = Array) /Users/guoyuxin/Sites/newStart/Application/Common/Model/MenuModel.class.php 第 5 行.
SQL: SHOW COLUMNS FROM `sb_menu` [ RunTime:0.0008s ]
SQL: SELECT * FROM `sb_menu` WHERE `status` <> -1 AND `level` >= '1'  [ RunTime:0.0003s ]
NOTIC: [8] Undefined offset: 1 /Users/guoyuxin/Sites/newStart/Application/Admin/Controller/CommonController.class.php 第 42 行.
NOTIC: [2048] Declaration of Common\Model\AdminModel::select() should be compatible with Think\Model::select($options = Array) /Users/guoyuxin/Sites/newStart/Application/Common/Model/AdminModel.class.php 第 46 行.
NOTIC: [2048] Declaration of Common\Model\AdminModel::find() should be compatible with Think\Model::find($options = Array) /Users/guoyuxin/Sites/newStart/Application/Common/Model/AdminModel.class.php 第 46 行.
SQL: SHOW COLUMNS FROM `sb_admin` [ RunTime:0.0005s ]

[ 2016-11-23T22:06:06+08:00 ] 127.0.0.1 /newStart/admin.php?c=admin&a=add
INFO: [ app_begin ] --START--
INFO: Run Behavior\ReadHtmlCacheBehavior [ RunTime:0.000734s ]
INFO: [ app_begin ] --END-- [ RunTime:0.001261s ]
NOTIC: [2048] Declaration of Common\Model\MenuModel::select() should be compatible with Think\Model::select($options = Array) /Users/guoyuxin/Sites/newStart/Application/Common/Model/MenuModel.class.php 第 5 行.
NOTIC: [2048] Declaration of Common\Model\MenuModel::find() should be compatible with Think\Model::find($options = Array) /Users/guoyuxin/Sites/newStart/Application/Common/Model/MenuModel.class.php 第 5 行.
SQL: SHOW COLUMNS FROM `sb_menu` [ RunTime:0.0005s ]
SQL: SELECT * FROM `sb_menu` WHERE `status` <> -1 AND `level` >= '1'  [ RunTime:0.0003s ]
NOTIC: [8] Undefined offset: 1 /Users/guoyuxin/Sites/newStart/Application/Admin/Controller/CommonController.class.php 第 42 行.
NOTIC: [2048] Declaration of Common\Model\AdminModel::select() should be compatible with Think\Model::select($options = Array) /Users/guoyuxin/Sites/newStart/Application/Common/Model/AdminModel.class.php 第 47 行.
NOTIC: [2048] Declaration of Common\Model\AdminModel::find() should be compatible with Think\Model::find($options = Array) /Users/guoyuxin/Sites/newStart/Application/Common/Model/AdminModel.class.php 第 47 行.
SQL: SHOW COLUMNS FROM `sb_admin` [ RunTime:0.0008s ]
SQL: UPDATE `sb_admin` SET `id`='2' WHERE ( id=2 ) [ RunTime:0.0005s ]

[ 2016-11-23T22:06:17+08:00 ] 127.0.0.1 /newStart/admin.php?c=admin&a=add
INFO: [ app_begin ] --START--
INFO: Run Behavior\ReadHtmlCacheBehavior [ RunTime:0.000456s ]
INFO: [ app_begin ] --END-- [ RunTime:0.000875s ]
NOTIC: [2048] Declaration of Common\Model\MenuModel::select() should be compatible with Think\Model::select($options = Array) /Users/guoyuxin/Sites/newStart/Application/Common/Model/MenuModel.class.php 第 5 行.
NOTIC: [2048] Declaration of Common\Model\MenuModel::find() should be compatible with Think\Model::find($options = Array) /Users/guoyuxin/Sites/newStart/Application/Common/Model/MenuModel.class.php 第 5 行.
SQL: SHOW COLUMNS FROM `sb_menu` [ RunTime:0.0007s ]
SQL: SELECT * FROM `sb_menu` WHERE `status` <> -1 AND `level` >= '1'  [ RunTime:0.0004s ]
NOTIC: [8] Undefined offset: 1 /Users/guoyuxin/Sites/newStart/Application/Admin/Controller/CommonController.class.php 第 42 行.
NOTIC: [2048] Declaration of Common\Model\AdminModel::select() should be compatible with Think\Model::select($options = Array) /Users/guoyuxin/Sites/newStart/Application/Common/Model/AdminModel.class.php 第 47 行.
NOTIC: [2048] Declaration of Common\Model\AdminModel::find() should be compatible with Think\Model::find($options = Array) /Users/guoyuxin/Sites/newStart/Application/Common/Model/AdminModel.class.php 第 47 行.
SQL: SHOW COLUMNS FROM `sb_admin` [ RunTime:0.0008s ]
SQL: UPDATE `sb_admin` SET `id`='2' WHERE ( id=2 ) [ RunTime:0.0004s ]

[ 2016-11-23T22:07:56+08:00 ] 127.0.0.1 /newStart/admin.php?c=admin&a=add
INFO: [ app_begin ] --START--
INFO: Run Behavior\ReadHtmlCacheBehavior [ RunTime:0.000324s ]
INFO: [ app_begin ] --END-- [ RunTime:0.000711s ]
NOTIC: [2048] Declaration of Common\Model\MenuModel::select() should be compatible with Think\Model::select($options = Array) /Users/guoyuxin/Sites/newStart/Application/Common/Model/MenuModel.class.php 第 5 行.
NOTIC: [2048] Declaration of Common\Model\MenuModel::find() should be compatible with Think\Model::find($options = Array) /Users/guoyuxin/Sites/newStart/Application/Common/Model/MenuModel.class.php 第 5 行.
SQL: SHOW COLUMNS FROM `sb_menu` [ RunTime:0.0007s ]
SQL: SELECT * FROM `sb_menu` WHERE `status` <> -1 AND `level` >= '1'  [ RunTime:0.0004s ]
NOTIC: [8] Undefined offset: 1 /Users/guoyuxin/Sites/newStart/Application/Admin/Controller/CommonController.class.php 第 42 行.
NOTIC: [2048] Declaration of Common\Model\AdminModel::select() should be compatible with Think\Model::select($options = Array) /Users/guoyuxin/Sites/newStart/Application/Common/Model/AdminModel.class.php 第 47 行.
NOTIC: [2048] Declaration of Common\Model\AdminModel::find() should be compatible with Think\Model::find($options = Array) /Users/guoyuxin/Sites/newStart/Application/Common/Model/AdminModel.class.php 第 47 行.
SQL: SHOW COLUMNS FROM `sb_admin` [ RunTime:0.0008s ]
SQL: UPDATE `sb_admin` SET `id`='2' WHERE ( id=2 ) [ RunTime:0.0004s ]

[ 2016-11-23T22:08:17+08:00 ] 127.0.0.1 /newStart/admin.php?c=admin&a=add
INFO: [ app_begin ] --START--
INFO: Run Behavior\ReadHtmlCacheBehavior [ RunTime:0.000358s ]
INFO: [ app_begin ] --END-- [ RunTime:0.000739s ]
NOTIC: [2048] Declaration of Common\Model\MenuModel::select() should be compatible with Think\Model::select($options = Array) /Users/guoyuxin/Sites/newStart/Application/Common/Model/MenuModel.class.php 第 5 行.
NOTIC: [2048] Declaration of Common\Model\MenuModel::find() should be compatible with Think\Model::find($options = Array) /Users/guoyuxin/Sites/newStart/Application/Common/Model/MenuModel.class.php 第 5 行.
SQL: SHOW COLUMNS FROM `sb_menu` [ RunTime:0.0007s ]
SQL: SELECT * FROM `sb_menu` WHERE `status` <> -1 AND `level` >= '1'  [ RunTime:0.0004s ]
NOTIC: [8] Undefined offset: 1 /Users/guoyuxin/Sites/newStart/Application/Admin/Controller/CommonController.class.php 第 42 行.
NOTIC: [2048] Declaration of Common\Model\AdminModel::select() should be compatible with Think\Model::select($options = Array) /Users/guoyuxin/Sites/newStart/Application/Common/Model/AdminModel.class.php 第 47 行.
NOTIC: [2048] Declaration of Common\Model\AdminModel::find() should be compatible with Think\Model::find($options = Array) /Users/guoyuxin/Sites/newStart/Application/Common/Model/AdminModel.class.php 第 47 行.
SQL: SHOW COLUMNS FROM `sb_admin` [ RunTime:0.0007s ]
SQL: UPDATE `sb_admin` SET `id`='2' WHERE ( id=2 ) [ RunTime:0.0004s ]

[ 2016-11-23T22:09:40+08:00 ] 127.0.0.1 /newStart/admin.php?c=admin&a=add
INFO: [ app_begin ] --START--
INFO: Run Behavior\ReadHtmlCacheBehavior [ RunTime:0.000513s ]
INFO: [ app_begin ] --END-- [ RunTime:0.000929s ]
NOTIC: [2048] Declaration of Common\Model\MenuModel::select() should be compatible with Think\Model::select($options = Array) /Users/guoyuxin/Sites/newStart/Application/Common/Model/MenuModel.class.php 第 5 行.
NOTIC: [2048] Declaration of Common\Model\MenuModel::find() should be compatible with Think\Model::find($options = Array) /Users/guoyuxin/Sites/newStart/Application/Common/Model/MenuModel.class.php 第 5 行.
SQL: SHOW COLUMNS FROM `sb_menu` [ RunTime:0.0010s ]
SQL: SELECT * FROM `sb_menu` WHERE `status` <> -1 AND `level` >= '1'  [ RunTime:0.0004s ]
NOTIC: [8] Undefined offset: 1 /Users/guoyuxin/Sites/newStart/Application/Admin/Controller/CommonController.class.php 第 42 行.
NOTIC: [2048] Declaration of Common\Model\AdminModel::select() should be compatible with Think\Model::select($options = Array) /Users/guoyuxin/Sites/newStart/Application/Common/Model/AdminModel.class.php 第 47 行.
NOTIC: [2048] Declaration of Common\Model\AdminModel::find() should be compatible with Think\Model::find($options = Array) /Users/guoyuxin/Sites/newStart/Application/Common/Model/AdminModel.class.php 第 47 行.
SQL: SHOW COLUMNS FROM `sb_admin` [ RunTime:0.0008s ]
SQL: UPDATE `sb_admin` SET `id`='2' WHERE ( id=2 ) [ RunTime:0.0003s ]

[ 2016-11-23T22:12:29+08:00 ] 127.0.0.1 /newStart/admin.php?c=admin&a=add
INFO: [ app_begin ] --START--
INFO: Run Behavior\ReadHtmlCacheBehavior [ RunTime:0.000296s ]
INFO: [ app_begin ] --END-- [ RunTime:0.000559s ]
NOTIC: [2048] Declaration of Common\Model\MenuModel::select() should be compatible with Think\Model::select($options = Array) /Users/guoyuxin/Sites/newStart/Application/Common/Model/MenuModel.class.php 第 5 行.
NOTIC: [2048] Declaration of Common\Model\MenuModel::find() should be compatible with Think\Model::find($options = Array) /Users/guoyuxin/Sites/newStart/Application/Common/Model/MenuModel.class.php 第 5 行.
SQL: SHOW COLUMNS FROM `sb_menu` [ RunTime:0.0012s ]
SQL: SELECT * FROM `sb_menu` WHERE `status` <> -1 AND `level` >= '1'  [ RunTime:0.0004s ]
NOTIC: [8] Undefined offset: 1 /Users/guoyuxin/Sites/newStart/Application/Admin/Controller/CommonController.class.php 第 42 行.
NOTIC: [2048] Declaration of Common\Model\AdminModel::select() should be compatible with Think\Model::select($options = Array) /Users/guoyuxin/Sites/newStart/Application/Common/Model/AdminModel.class.php 第 49 行.
NOTIC: [2048] Declaration of Common\Model\AdminModel::find() should be compatible with Think\Model::find($options = Array) /Users/guoyuxin/Sites/newStart/Application/Common/Model/AdminModel.class.php 第 49 行.
SQL: SHOW COLUMNS FROM `sb_admin` [ RunTime:0.0006s ]

[ 2016-11-23T22:12:44+08:00 ] 127.0.0.1 /newStart/admin.php?c=admin&a=add
INFO: [ app_begin ] --START--
INFO: Run Behavior\ReadHtmlCacheBehavior [ RunTime:0.000382s ]
INFO: [ app_begin ] --END-- [ RunTime:0.000623s ]
NOTIC: [2048] Declaration of Common\Model\MenuModel::select() should be compatible with Think\Model::select($options = Array) /Users/guoyuxin/Sites/newStart/Application/Common/Model/MenuModel.class.php 第 5 行.
NOTIC: [2048] Declaration of Common\Model\MenuModel::find() should be compatible with Think\Model::find($options = Array) /Users/guoyuxin/Sites/newStart/Application/Common/Model/MenuModel.class.php 第 5 行.
SQL: SHOW COLUMNS FROM `sb_menu` [ RunTime:0.0006s ]
SQL: SELECT * FROM `sb_menu` WHERE `status` <> -1 AND `level` >= '1'  [ RunTime:0.0004s ]
NOTIC: [8] Undefined offset: 1 /Users/guoyuxin/Sites/newStart/Application/Admin/Controller/CommonController.class.php 第 42 行.
NOTIC: [2048] Declaration of Common\Model\AdminModel::select() should be compatible with Think\Model::select($options = Array) /Users/guoyuxin/Sites/newStart/Application/Common/Model/AdminModel.class.php 第 49 行.
NOTIC: [2048] Declaration of Common\Model\AdminModel::find() should be compatible with Think\Model::find($options = Array) /Users/guoyuxin/Sites/newStart/Application/Common/Model/AdminModel.class.php 第 49 行.
SQL: SHOW COLUMNS FROM `sb_admin` [ RunTime:0.0007s ]

[ 2016-11-23T22:12:54+08:00 ] 127.0.0.1 /newStart/admin.php?c=admin&a=add
INFO: [ app_begin ] --START--
INFO: Run Behavior\ReadHtmlCacheBehavior [ RunTime:0.000488s ]
INFO: [ app_begin ] --END-- [ RunTime:0.000867s ]
NOTIC: [2048] Declaration of Common\Model\MenuModel::select() should be compatible with Think\Model::select($options = Array) /Users/guoyuxin/Sites/newStart/Application/Common/Model/MenuModel.class.php 第 5 行.
NOTIC: [2048] Declaration of Common\Model\MenuModel::find() should be compatible with Think\Model::find($options = Array) /Users/guoyuxin/Sites/newStart/Application/Common/Model/MenuModel.class.php 第 5 行.
SQL: SHOW COLUMNS FROM `sb_menu` [ RunTime:0.0007s ]
SQL: SELECT * FROM `sb_menu` WHERE `status` <> -1 AND `level` >= '1'  [ RunTime:0.0006s ]
NOTIC: [8] Undefined offset: 1 /Users/guoyuxin/Sites/newStart/Application/Admin/Controller/CommonController.class.php 第 42 行.
NOTIC: [2048] Declaration of Common\Model\AdminModel::select() should be compatible with Think\Model::select($options = Array) /Users/guoyuxin/Sites/newStart/Application/Common/Model/AdminModel.class.php 第 49 行.
NOTIC: [2048] Declaration of Common\Model\AdminModel::find() should be compatible with Think\Model::find($options = Array) /Users/guoyuxin/Sites/newStart/Application/Common/Model/AdminModel.class.php 第 49 行.
SQL: SHOW COLUMNS FROM `sb_admin` [ RunTime:0.0007s ]

[ 2016-11-23T22:13:13+08:00 ] 127.0.0.1 /newStart/admin.php?c=admin&a=add
INFO: [ app_begin ] --START--
INFO: Run Behavior\ReadHtmlCacheBehavior [ RunTime:0.000485s ]
INFO: [ app_begin ] --END-- [ RunTime:0.000876s ]
NOTIC: [2048] Declaration of Common\Model\MenuModel::select() should be compatible with Think\Model::select($options = Array) /Users/guoyuxin/Sites/newStart/Application/Common/Model/MenuModel.class.php 第 5 行.
NOTIC: [2048] Declaration of Common\Model\MenuModel::find() should be compatible with Think\Model::find($options = Array) /Users/guoyuxin/Sites/newStart/Application/Common/Model/MenuModel.class.php 第 5 行.
SQL: SHOW COLUMNS FROM `sb_menu` [ RunTime:0.0007s ]
SQL: SELECT * FROM `sb_menu` WHERE `status` <> -1 AND `level` >= '1'  [ RunTime:0.0004s ]
NOTIC: [8] Undefined offset: 1 /Users/guoyuxin/Sites/newStart/Application/Admin/Controller/CommonController.class.php 第 42 行.
NOTIC: [2048] Declaration of Common\Model\AdminModel::select() should be compatible with Think\Model::select($options = Array) /Users/guoyuxin/Sites/newStart/Application/Common/Model/AdminModel.class.php 第 49 行.
NOTIC: [2048] Declaration of Common\Model\AdminModel::find() should be compatible with Think\Model::find($options = Array) /Users/guoyuxin/Sites/newStart/Application/Common/Model/AdminModel.class.php 第 49 行.
SQL: SHOW COLUMNS FROM `sb_admin` [ RunTime:0.0008s ]

[ 2016-11-23T22:13:45+08:00 ] 127.0.0.1 /newStart/admin.php?c=admin&a=add
INFO: [ app_begin ] --START--
INFO: Run Behavior\ReadHtmlCacheBehavior [ RunTime:0.000486s ]
INFO: [ app_begin ] --END-- [ RunTime:0.000823s ]
NOTIC: [2048] Declaration of Common\Model\MenuModel::select() should be compatible with Think\Model::select($options = Array) /Users/guoyuxin/Sites/newStart/Application/Common/Model/MenuModel.class.php 第 5 行.
NOTIC: [2048] Declaration of Common\Model\MenuModel::find() should be compatible with Think\Model::find($options = Array) /Users/guoyuxin/Sites/newStart/Application/Common/Model/MenuModel.class.php 第 5 行.
SQL: SHOW COLUMNS FROM `sb_menu` [ RunTime:0.0007s ]
SQL: SELECT * FROM `sb_menu` WHERE `status` <> -1 AND `level` >= '1'  [ RunTime:0.0004s ]
NOTIC: [8] Undefined offset: 1 /Users/guoyuxin/Sites/newStart/Application/Admin/Controller/CommonController.class.php 第 42 行.
NOTIC: [2048] Declaration of Common\Model\AdminModel::select() should be compatible with Think\Model::select($options = Array) /Users/guoyuxin/Sites/newStart/Application/Common/Model/AdminModel.class.php 第 50 行.
NOTIC: [2048] Declaration of Common\Model\AdminModel::find() should be compatible with Think\Model::find($options = Array) /Users/guoyuxin/Sites/newStart/Application/Common/Model/AdminModel.class.php 第 50 行.
SQL: SHOW COLUMNS FROM `sb_admin` [ RunTime:0.0006s ]

[ 2016-11-23T22:16:04+08:00 ] 127.0.0.1 /newStart/admin.php?c=admin&a=add
INFO: [ app_begin ] --START--
INFO: Run Behavior\ReadHtmlCacheBehavior [ RunTime:0.000275s ]
INFO: [ app_begin ] --END-- [ RunTime:0.000493s ]
NOTIC: [2048] Declaration of Common\Model\MenuModel::select() should be compatible with Think\Model::select($options = Array) /Users/guoyuxin/Sites/newStart/Application/Common/Model/MenuModel.class.php 第 5 行.
NOTIC: [2048] Declaration of Common\Model\MenuModel::find() should be compatible with Think\Model::find($options = Array) /Users/guoyuxin/Sites/newStart/Application/Common/Model/MenuModel.class.php 第 5 行.
SQL: SHOW COLUMNS FROM `sb_menu` [ RunTime:0.0005s ]
SQL: SELECT * FROM `sb_menu` WHERE `status` <> -1 AND `level` >= '1'  [ RunTime:0.0003s ]
NOTIC: [8] Undefined offset: 1 /Users/guoyuxin/Sites/newStart/Application/Admin/Controller/CommonController.class.php 第 42 行.
NOTIC: [2048] Declaration of Common\Model\AdminModel::select() should be compatible with Think\Model::select($options = Array) /Users/guoyuxin/Sites/newStart/Application/Common/Model/AdminModel.class.php 第 46 行.
NOTIC: [2048] Declaration of Common\Model\AdminModel::find() should be compatible with Think\Model::find($options = Array) /Users/guoyuxin/Sites/newStart/Application/Common/Model/AdminModel.class.php 第 46 行.
SQL: SHOW COLUMNS FROM `sb_admin` [ RunTime:0.0008s ]
NOTIC: [8] Undefined variable: set /Users/guoyuxin/Sites/newStart/ThinkPHP/Library/Think/Db/Driver.class.php 第 387 行.
NOTIC: [2] implode(): Invalid arguments passed /Users/guoyuxin/Sites/newStart/ThinkPHP/Library/Think/Db/Driver.class.php 第 387 行.
ERR: 1064:You have an error in your SQL syntax; check the manual that corresponds to your MySQL server version for the right syntax to use near 'WHERE `id` = 2' at line 1
 [ SQL语句 ] : UPDATE `sb_admin` SET  WHERE `id` = 2
ERR: 1064:You have an error in your SQL syntax; check the manual that corresponds to your MySQL server version for the right syntax to use near 'WHERE `id` = 2' at line 1
 [ SQL语句 ] : UPDATE `sb_admin` SET  WHERE `id` = 2

[ 2016-11-23T22:18:57+08:00 ] 127.0.0.1 /newStart/admin.php?c=admin&a=add
INFO: [ app_begin ] --START--
INFO: Run Behavior\ReadHtmlCacheBehavior [ RunTime:0.000326s ]
INFO: [ app_begin ] --END-- [ RunTime:0.000681s ]
NOTIC: [2048] Declaration of Common\Model\MenuModel::select() should be compatible with Think\Model::select($options = Array) /Users/guoyuxin/Sites/newStart/Application/Common/Model/MenuModel.class.php 第 5 行.
NOTIC: [2048] Declaration of Common\Model\MenuModel::find() should be compatible with Think\Model::find($options = Array) /Users/guoyuxin/Sites/newStart/Application/Common/Model/MenuModel.class.php 第 5 行.
SQL: SHOW COLUMNS FROM `sb_menu` [ RunTime:0.0007s ]
SQL: SELECT * FROM `sb_menu` WHERE `status` <> -1 AND `level` >= '1'  [ RunTime:0.0004s ]
NOTIC: [8] Undefined offset: 1 /Users/guoyuxin/Sites/newStart/Application/Admin/Controller/CommonController.class.php 第 42 行.
NOTIC: [8] Undefined index: adminLevel /Users/guoyuxin/Sites/newStart/Application/Admin/Controller/AdminController.class.php 第 48 行.
NOTIC: [2048] Declaration of Common\Model\AdminModel::select() should be compatible with Think\Model::select($options = Array) /Users/guoyuxin/Sites/newStart/Application/Common/Model/AdminModel.class.php 第 47 行.
NOTIC: [2048] Declaration of Common\Model\AdminModel::find() should be compatible with Think\Model::find($options = Array) /Users/guoyuxin/Sites/newStart/Application/Common/Model/AdminModel.class.php 第 47 行.
SQL: SHOW COLUMNS FROM `sb_admin` [ RunTime:0.0007s ]
NOTIC: [8] Undefined variable: id /Users/guoyuxin/Sites/newStart/Application/Common/Model/AdminModel.class.php 第 45 行.
ERR: 1064:You have an error in your SQL syntax; check the manual that corresponds to your MySQL server version for the right syntax to use near ')' at line 1
 [ SQL语句 ] : UPDATE `sb_admin` SET `adminName`='guoyuxin111',`adminLevel`=NULL,`id`='2' WHERE ( id= )
ERR: 1064:You have an error in your SQL syntax; check the manual that corresponds to your MySQL server version for the right syntax to use near ')' at line 1
 [ SQL语句 ] : UPDATE `sb_admin` SET `adminName`='guoyuxin111',`adminLevel`=NULL,`id`='2' WHERE ( id= )

[ 2016-11-23T22:19:39+08:00 ] 127.0.0.1 /newStart/admin.php?c=admin&a=add
INFO: [ app_begin ] --START--
INFO: Run Behavior\ReadHtmlCacheBehavior [ RunTime:0.000538s ]
INFO: [ app_begin ] --END-- [ RunTime:0.001010s ]
NOTIC: [2048] Declaration of Common\Model\MenuModel::select() should be compatible with Think\Model::select($options = Array) /Users/guoyuxin/Sites/newStart/Application/Common/Model/MenuModel.class.php 第 5 行.
NOTIC: [2048] Declaration of Common\Model\MenuModel::find() should be compatible with Think\Model::find($options = Array) /Users/guoyuxin/Sites/newStart/Application/Common/Model/MenuModel.class.php 第 5 行.
SQL: SHOW COLUMNS FROM `sb_menu` [ RunTime:0.0008s ]
SQL: SELECT * FROM `sb_menu` WHERE `status` <> -1 AND `level` >= '1'  [ RunTime:0.0004s ]
NOTIC: [8] Undefined offset: 1 /Users/guoyuxin/Sites/newStart/Application/Admin/Controller/CommonController.class.php 第 42 行.
NOTIC: [2048] Declaration of Common\Model\AdminModel::select() should be compatible with Think\Model::select($options = Array) /Users/guoyuxin/Sites/newStart/Application/Common/Model/AdminModel.class.php 第 47 行.
NOTIC: [2048] Declaration of Common\Model\AdminModel::find() should be compatible with Think\Model::find($options = Array) /Users/guoyuxin/Sites/newStart/Application/Common/Model/AdminModel.class.php 第 47 行.
SQL: SHOW COLUMNS FROM `sb_admin` [ RunTime:0.0006s ]
SQL: UPDATE `sb_admin` SET `adminName`='guoyuxin',`adminLevel`='1' WHERE ( id=2 ) [ RunTime:0.0400s ]

[ 2016-11-23T22:20:39+08:00 ] 127.0.0.1 /newStart/admin.php?c=admin&a=add
INFO: [ app_begin ] --START--
INFO: Run Behavior\ReadHtmlCacheBehavior [ RunTime:0.000387s ]
INFO: [ app_begin ] --END-- [ RunTime:0.000748s ]
NOTIC: [2048] Declaration of Common\Model\MenuModel::select() should be compatible with Think\Model::select($options = Array) /Users/guoyuxin/Sites/newStart/Application/Common/Model/MenuModel.class.php 第 5 行.
NOTIC: [2048] Declaration of Common\Model\MenuModel::find() should be compatible with Think\Model::find($options = Array) /Users/guoyuxin/Sites/newStart/Application/Common/Model/MenuModel.class.php 第 5 行.
SQL: SHOW COLUMNS FROM `sb_menu` [ RunTime:0.0008s ]
SQL: SELECT * FROM `sb_menu` WHERE `status` <> -1 AND `level` >= '1'  [ RunTime:0.0005s ]
NOTIC: [8] Undefined offset: 1 /Users/guoyuxin/Sites/newStart/Application/Admin/Controller/CommonController.class.php 第 42 行.
NOTIC: [2048] Declaration of Common\Model\AdminModel::select() should be compatible with Think\Model::select($options = Array) /Users/guoyuxin/Sites/newStart/Application/Common/Model/AdminModel.class.php 第 47 行.
NOTIC: [2048] Declaration of Common\Model\AdminModel::find() should be compatible with Think\Model::find($options = Array) /Users/guoyuxin/Sites/newStart/Application/Common/Model/AdminModel.class.php 第 47 行.
SQL: SHOW COLUMNS FROM `sb_admin` [ RunTime:0.0007s ]
SQL: UPDATE `sb_admin` SET `adminName`='guoyuxin',`adminLevel`='2' WHERE ( id=2 ) [ RunTime:0.0004s ]
NOTIC: [2] Missing argument 3 for show(), called in /Users/guoyuxin/Sites/newStart/Application/Admin/Controller/AdminController.class.php on line 52 and defined /Users/guoyuxin/Sites/newStart/Application/Common/Common/function.php 第 2 行.
NOTIC: [8] Undefined variable: data /Users/guoyuxin/Sites/newStart/Application/Common/Common/function.php 第 6 行.

[ 2016-11-23T22:48:02+08:00 ] 127.0.0.1 /newStart/admin.php?c=news&a=edit&id=4
ERR: 1054:Unknown column 'id' in 'where clause'
 [ SQL语句 ] : SELECT * FROM `sb_news` WHERE ( id=4 ) LIMIT 1  

[ 2016-11-23T23:27:16+08:00 ] 127.0.0.1 /newStart/admin.php?c=news&a=add
INFO: [ app_begin ] --START--
INFO: Run Behavior\ReadHtmlCacheBehavior [ RunTime:0.000300s ]
INFO: [ app_begin ] --END-- [ RunTime:0.000541s ]
NOTIC: [2048] Declaration of Common\Model\MenuModel::select() should be compatible with Think\Model::select($options = Array) /Users/guoyuxin/Sites/newStart/Application/Common/Model/MenuModel.class.php 第 5 行.
NOTIC: [2048] Declaration of Common\Model\MenuModel::find() should be compatible with Think\Model::find($options = Array) /Users/guoyuxin/Sites/newStart/Application/Common/Model/MenuModel.class.php 第 5 行.
SQL: SHOW COLUMNS FROM `sb_menu` [ RunTime:0.0005s ]
SQL: SELECT * FROM `sb_menu` WHERE `status` <> -1 AND `level` >= '1'  [ RunTime:0.0003s ]
NOTIC: [8] Undefined offset: 1 /Users/guoyuxin/Sites/newStart/Application/Admin/Controller/CommonController.class.php 第 42 行.
NOTIC: [8] Undefined offset: 1 /Users/guoyuxin/Sites/newStart/Application/Admin/Controller/NewsController.class.php 第 31 行.
NOTIC: [2048] Declaration of Common\Model\NewsCatModel::select() should be compatible with Think\Model::select($options = Array) /Users/guoyuxin/Sites/newStart/Application/Common/Model/NewsCatModel.class.php 第 23 行.
NOTIC: [2048] Declaration of Common\Model\NewsCatModel::find() should be compatible with Think\Model::find($options = Array) /Users/guoyuxin/Sites/newStart/Application/Common/Model/NewsCatModel.class.php 第 23 行.
SQL: SHOW COLUMNS FROM `sb_news_cat` [ RunTime:0.0004s ]
SQL: SELECT * FROM `sb_news_cat`  [ RunTime:0.0002s ]

[ 2016-11-23T23:28:27+08:00 ] 127.0.0.1 /newStart/admin.php?c=news&a=add
INFO: [ app_begin ] --START--
INFO: Run Behavior\ReadHtmlCacheBehavior [ RunTime:0.000468s ]
INFO: [ app_begin ] --END-- [ RunTime:0.000937s ]
NOTIC: [2048] Declaration of Common\Model\MenuModel::select() should be compatible with Think\Model::select($options = Array) /Users/guoyuxin/Sites/newStart/Application/Common/Model/MenuModel.class.php 第 5 行.
NOTIC: [2048] Declaration of Common\Model\MenuModel::find() should be compatible with Think\Model::find($options = Array) /Users/guoyuxin/Sites/newStart/Application/Common/Model/MenuModel.class.php 第 5 行.
SQL: SHOW COLUMNS FROM `sb_menu` [ RunTime:0.0006s ]
SQL: SELECT * FROM `sb_menu` WHERE `status` <> -1 AND `level` >= '1'  [ RunTime:0.0005s ]
NOTIC: [8] Undefined offset: 1 /Users/guoyuxin/Sites/newStart/Application/Admin/Controller/CommonController.class.php 第 42 行.
NOTIC: [8] Undefined offset: 1 /Users/guoyuxin/Sites/newStart/Application/Admin/Controller/NewsController.class.php 第 31 行.
NOTIC: [2048] Declaration of Common\Model\NewsCatModel::select() should be compatible with Think\Model::select($options = Array) /Users/guoyuxin/Sites/newStart/Application/Common/Model/NewsCatModel.class.php 第 23 行.
NOTIC: [2048] Declaration of Common\Model\NewsCatModel::find() should be compatible with Think\Model::find($options = Array) /Users/guoyuxin/Sites/newStart/Application/Common/Model/NewsCatModel.class.php 第 23 行.
SQL: SHOW COLUMNS FROM `sb_news_cat` [ RunTime:0.0006s ]
SQL: SELECT * FROM `sb_news_cat`  [ RunTime:0.0003s ]

